{"meta": {"format": 3, "version": "7.10.4", "timestamp": "2025-09-17T04:16:06.937411", "branch_coverage": false, "show_contexts": false}, "files": {"cartrita/__init__.py": {"executed_lines": [1, 5, 6, 7], "summary": {"covered_lines": 3, "num_statements": 3, "percent_covered": 100.0, "percent_covered_display": "100", "missing_lines": 0, "excluded_lines": 0}, "missing_lines": [], "excluded_lines": [], "functions": {"": {"executed_lines": [1, 5, 6, 7], "summary": {"covered_lines": 3, "num_statements": 3, "percent_covered": 100.0, "percent_covered_display": "100", "missing_lines": 0, "excluded_lines": 0}, "missing_lines": [], "excluded_lines": []}}, "classes": {"": {"executed_lines": [1, 5, 6, 7], "summary": {"covered_lines": 3, "num_statements": 3, "percent_covered": 100.0, "percent_covered_display": "100", "missing_lines": 0, "excluded_lines": 0}, "missing_lines": [], "excluded_lines": []}}}, "cartrita/cli/__init__.py": {"executed_lines": [], "summary": {"covered_lines": 0, "num_statements": 2, "percent_covered": 0.0, "percent_covered_display": "0", "missing_lines": 2, "excluded_lines": 0}, "missing_lines": [5, 7], "excluded_lines": [], "functions": {"": {"executed_lines": [], "summary": {"covered_lines": 0, "num_statements": 2, "percent_covered": 0.0, "percent_covered_display": "0", "missing_lines": 2, "excluded_lines": 0}, "missing_lines": [5, 7], "excluded_lines": []}}, "classes": {"": {"executed_lines": [], "summary": {"covered_lines": 0, "num_statements": 2, "percent_covered": 0.0, "percent_covered_display": "0", "missing_lines": 2, "excluded_lines": 0}, "missing_lines": [5, 7], "excluded_lines": []}}}, "cartrita/cli/main.py": {"executed_lines": [], "summary": {"covered_lines": 0, "num_statements": 67, "percent_covered": 0.0, "percent_covered_display": "0", "missing_lines": 67, "excluded_lines": 0}, "missing_lines": [7, 9, 10, 11, 12, 13, 16, 22, 25, 26, 28, 40, 41, 43, 46, 47, 48, 49, 50, 52, 61, 62, 64, 67, 68, 79, 83, 84, 94, 95, 96, 97, 98, 101, 102, 104, 105, 108, 109, 111, 128, 129, 131, 133, 140, 142, 143, 144, 145, 146, 148, 151, 152, 155, 156, 158, 176, 178, 179, 180, 181, 182, 183, 184, 185, 188, 189], "excluded_lines": [], "functions": {"version": {"executed_lines": [], "summary": {"covered_lines": 0, "num_statements": 1, "percent_covered": 0.0, "percent_covered_display": "0", "missing_lines": 1, "excluded_lines": 0}, "missing_lines": [28], "excluded_lines": []}, "status": {"executed_lines": [], "summary": {"covered_lines": 0, "num_statements": 10, "percent_covered": 0.0, "percent_covered_display": "0", "missing_lines": 10, "excluded_lines": 0}, "missing_lines": [43, 46, 47, 48, 49, 50, 52, 61, 62, 64], "excluded_lines": []}, "start": {"executed_lines": [], "summary": {"covered_lines": 0, "num_statements": 8, "percent_covered": 0.0, "percent_covered_display": "0", "missing_lines": 8, "excluded_lines": 0}, "missing_lines": [79, 83, 84, 94, 95, 96, 97, 98], "excluded_lines": []}, "dev": {"executed_lines": [], "summary": {"covered_lines": 0, "num_statements": 2, "percent_covered": 0.0, "percent_covered_display": "0", "missing_lines": 2, "excluded_lines": 0}, "missing_lines": [104, 105], "excluded_lines": []}, "docker": {"executed_lines": [], "summary": {"covered_lines": 0, "num_statements": 1, "percent_covered": 0.0, "percent_covered_display": "0", "missing_lines": 1, "excluded_lines": 0}, "missing_lines": [111], "excluded_lines": []}, "health": {"executed_lines": [], "summary": {"covered_lines": 0, "num_statements": 11, "percent_covered": 0.0, "percent_covered_display": "0", "missing_lines": 11, "excluded_lines": 0}, "missing_lines": [131, 133, 140, 142, 143, 144, 145, 146, 148, 151, 152], "excluded_lines": []}, "config": {"executed_lines": [], "summary": {"covered_lines": 0, "num_statements": 1, "percent_covered": 0.0, "percent_covered_display": "0", "missing_lines": 1, "excluded_lines": 0}, "missing_lines": [158], "excluded_lines": []}, "main": {"executed_lines": [], "summary": {"covered_lines": 0, "num_statements": 8, "percent_covered": 0.0, "percent_covered_display": "0", "missing_lines": 8, "excluded_lines": 0}, "missing_lines": [178, 179, 180, 181, 182, 183, 184, 185], "excluded_lines": []}, "": {"executed_lines": [], "summary": {"covered_lines": 0, "num_statements": 25, "percent_covered": 0.0, "percent_covered_display": "0", "missing_lines": 25, "excluded_lines": 0}, "missing_lines": [7, 9, 10, 11, 12, 13, 16, 22, 25, 26, 40, 41, 67, 68, 101, 102, 108, 109, 128, 129, 155, 156, 176, 188, 189], "excluded_lines": []}}, "classes": {"": {"executed_lines": [], "summary": {"covered_lines": 0, "num_statements": 67, "percent_covered": 0.0, "percent_covered_display": "0", "missing_lines": 67, "excluded_lines": 0}, "missing_lines": [7, 9, 10, 11, 12, 13, 16, 22, 25, 26, 28, 40, 41, 43, 46, 47, 48, 49, 50, 52, 61, 62, 64, 67, 68, 79, 83, 84, 94, 95, 96, 97, 98, 101, 102, 104, 105, 108, 109, 111, 128, 129, 131, 133, 140, 142, 143, 144, 145, 146, 148, 151, 152, 155, 156, 158, 176, 178, 179, 180, 181, 182, 183, 184, 185, 188, 189], "excluded_lines": []}}}, "cartrita/orchestrator/__init__.py": {"executed_lines": [4, 11, 12], "summary": {"covered_lines": 2, "num_statements": 2, "percent_covered": 100.0, "percent_covered_display": "100", "missing_lines": 0, "excluded_lines": 0}, "missing_lines": [], "excluded_lines": [], "functions": {"": {"executed_lines": [4, 11, 12], "summary": {"covered_lines": 2, "num_statements": 2, "percent_covered": 100.0, "percent_covered_display": "100", "missing_lines": 0, "excluded_lines": 0}, "missing_lines": [], "excluded_lines": []}}, "classes": {"": {"executed_lines": [4, 11, 12], "summary": {"covered_lines": 2, "num_statements": 2, "percent_covered": 100.0, "percent_covered_display": "100", "missing_lines": 0, "excluded_lines": 0}, "missing_lines": [], "excluded_lines": []}}}, "cartrita/orchestrator/agents/__init__.py": {"executed_lines": [4, 5, 6, 7, 8, 9, 11], "summary": {"covered_lines": 7, "num_statements": 7, "percent_covered": 100.0, "percent_covered_display": "100", "missing_lines": 0, "excluded_lines": 0}, "missing_lines": [], "excluded_lines": [], "functions": {"": {"executed_lines": [4, 5, 6, 7, 8, 9, 11], "summary": {"covered_lines": 7, "num_statements": 7, "percent_covered": 100.0, "percent_covered_display": "100", "missing_lines": 0, "excluded_lines": 0}, "missing_lines": [], "excluded_lines": []}}, "classes": {"": {"executed_lines": [4, 5, 6, 7, 8, 9, 11], "summary": {"covered_lines": 7, "num_statements": 7, "percent_covered": 100.0, "percent_covered_display": "100", "missing_lines": 0, "excluded_lines": 0}, "missing_lines": [], "excluded_lines": []}}}, "cartrita/orchestrator/agents/audio/__init__.py": {"executed_lines": [1, 3, 5], "summary": {"covered_lines": 2, "num_statements": 2, "percent_covered": 100.0, "percent_covered_display": "100", "missing_lines": 0, "excluded_lines": 0}, "missing_lines": [], "excluded_lines": [], "functions": {"": {"executed_lines": [1, 3, 5], "summary": {"covered_lines": 2, "num_statements": 2, "percent_covered": 100.0, "percent_covered_display": "100", "missing_lines": 0, "excluded_lines": 0}, "missing_lines": [], "excluded_lines": []}}, "classes": {"": {"executed_lines": [1, 3, 5], "summary": {"covered_lines": 2, "num_statements": 2, "percent_covered": 100.0, "percent_covered_display": "100", "missing_lines": 0, "excluded_lines": 0}, "missing_lines": [], "excluded_lines": []}}}, "cartrita/orchestrator/agents/audio/audio_agent.py": {"executed_lines": [1, 6, 7, 9, 10, 11, 13, 20, 21, 23, 24, 25, 26, 27, 28, 31, 32, 34, 35, 36, 37, 38, 45, 46, 58, 67, 68, 70, 71, 72, 73, 76, 100, 105, 113, 117, 158, 184, 204, 226, 255, 269, 291, 304, 316], "summary": {"covered_lines": 41, "num_statements": 122, "percent_covered": 33.60655737704918, "percent_covered_display": "34", "missing_lines": 81, "excluded_lines": 0}, "missing_lines": [84, 92, 93, 95, 102, 103, 107, 109, 110, 111, 115, 123, 125, 127, 128, 129, 130, 131, 132, 133, 134, 135, 136, 138, 140, 142, 154, 155, 156, 164, 165, 166, 168, 170, 176, 178, 180, 181, 182, 186, 187, 188, 191, 198, 200, 201, 202, 208, 219, 224, 232, 233, 236, 237, 243, 246, 247, 250, 251, 253, 262, 267, 275, 276, 278, 284, 285, 287, 288, 289, 293, 294, 301, 302, 306, 307, 308, 309, 312, 314, 318], "excluded_lines": [], "functions": {"AudioAgent.__init__": {"executed_lines": [67, 68, 70, 71, 72, 73, 76], "summary": {"covered_lines": 7, "num_statements": 11, "percent_covered": 63.63636363636363, "percent_covered_display": "64", "missing_lines": 4, "excluded_lines": 0}, "missing_lines": [84, 92, 93, 95], "excluded_lines": []}, "AudioAgent.start": {"executed_lines": [], "summary": {"covered_lines": 0, "num_statements": 2, "percent_covered": 0.0, "percent_covered_display": "0", "missing_lines": 2, "excluded_lines": 0}, "missing_lines": [102, 103], "excluded_lines": []}, "AudioAgent.stop": {"executed_lines": [], "summary": {"covered_lines": 0, "num_statements": 4, "percent_covered": 0.0, "percent_covered_display": "0", "missing_lines": 4, "excluded_lines": 0}, "missing_lines": [107, 109, 110, 111], "excluded_lines": []}, "AudioAgent.health_check": {"executed_lines": [], "summary": {"covered_lines": 0, "num_statements": 1, "percent_covered": 0.0, "percent_covered_display": "0", "missing_lines": 1, "excluded_lines": 0}, "missing_lines": [115], "excluded_lines": []}, "AudioAgent.process_audio": {"executed_lines": [], "summary": {"covered_lines": 0, "num_statements": 18, "percent_covered": 0.0, "percent_covered_display": "0", "missing_lines": 18, "excluded_lines": 0}, "missing_lines": [123, 125, 127, 128, 129, 130, 131, 132, 133, 134, 135, 136, 138, 140, 142, 154, 155, 156], "excluded_lines": []}, "AudioAgent._transcribe_audio": {"executed_lines": [], "summary": {"covered_lines": 0, "num_statements": 10, "percent_covered": 0.0, "percent_covered_display": "0", "missing_lines": 10, "excluded_lines": 0}, "missing_lines": [164, 165, 166, 168, 170, 176, 178, 180, 181, 182], "excluded_lines": []}, "AudioAgent._synthesize_speech": {"executed_lines": [], "summary": {"covered_lines": 0, "num_statements": 8, "percent_covered": 0.0, "percent_covered_display": "0", "missing_lines": 8, "excluded_lines": 0}, "missing_lines": [186, 187, 188, 191, 198, 200, 201, 202], "excluded_lines": []}, "AudioAgent._analyze_audio": {"executed_lines": [], "summary": {"covered_lines": 0, "num_statements": 3, "percent_covered": 0.0, "percent_covered_display": "0", "missing_lines": 3, "excluded_lines": 0}, "missing_lines": [208, 219, 224], "excluded_lines": []}, "AudioAgent._handle_conversation": {"executed_lines": [], "summary": {"covered_lines": 0, "num_statements": 10, "percent_covered": 0.0, "percent_covered_display": "0", "missing_lines": 10, "excluded_lines": 0}, "missing_lines": [232, 233, 236, 237, 243, 246, 247, 250, 251, 253], "excluded_lines": []}, "AudioAgent._process_realtime": {"executed_lines": [], "summary": {"covered_lines": 0, "num_statements": 2, "percent_covered": 0.0, "percent_covered_display": "0", "missing_lines": 2, "excluded_lines": 0}, "missing_lines": [262, 267], "excluded_lines": []}, "AudioAgent.stream_conversation": {"executed_lines": [], "summary": {"covered_lines": 0, "num_statements": 8, "percent_covered": 0.0, "percent_covered_display": "0", "missing_lines": 8, "excluded_lines": 0}, "missing_lines": [275, 276, 278, 284, 285, 287, 288, 289], "excluded_lines": []}, "AudioAgent.start_session": {"executed_lines": [], "summary": {"covered_lines": 0, "num_statements": 4, "percent_covered": 0.0, "percent_covered_display": "0", "missing_lines": 4, "excluded_lines": 0}, "missing_lines": [293, 294, 301, 302], "excluded_lines": []}, "AudioAgent.end_session": {"executed_lines": [], "summary": {"covered_lines": 0, "num_statements": 6, "percent_covered": 0.0, "percent_covered_display": "0", "missing_lines": 6, "excluded_lines": 0}, "missing_lines": [306, 307, 308, 309, 312, 314], "excluded_lines": []}, "AudioAgent.get_capabilities": {"executed_lines": [], "summary": {"covered_lines": 0, "num_statements": 1, "percent_covered": 0.0, "percent_covered_display": "0", "missing_lines": 1, "excluded_lines": 0}, "missing_lines": [318], "excluded_lines": []}, "": {"executed_lines": [1, 6, 7, 9, 10, 11, 13, 20, 21, 23, 24, 25, 26, 27, 28, 31, 32, 34, 35, 36, 37, 38, 45, 46, 58, 100, 105, 113, 117, 158, 184, 204, 226, 255, 269, 291, 304, 316], "summary": {"covered_lines": 34, "num_statements": 34, "percent_covered": 100.0, "percent_covered_display": "100", "missing_lines": 0, "excluded_lines": 0}, "missing_lines": [], "excluded_lines": []}}, "classes": {"AudioRequest": {"executed_lines": [], "summary": {"covered_lines": 0, "num_statements": 0, "percent_covered": 100.0, "percent_covered_display": "100", "missing_lines": 0, "excluded_lines": 0}, "missing_lines": [], "excluded_lines": []}, "AudioResponse": {"executed_lines": [], "summary": {"covered_lines": 0, "num_statements": 0, "percent_covered": 100.0, "percent_covered_display": "100", "missing_lines": 0, "excluded_lines": 0}, "missing_lines": [], "excluded_lines": []}, "AudioAgent": {"executed_lines": [67, 68, 70, 71, 72, 73, 76], "summary": {"covered_lines": 7, "num_statements": 88, "percent_covered": 7.954545454545454, "percent_covered_display": "8", "missing_lines": 81, "excluded_lines": 0}, "missing_lines": [84, 92, 93, 95, 102, 103, 107, 109, 110, 111, 115, 123, 125, 127, 128, 129, 130, 131, 132, 133, 134, 135, 136, 138, 140, 142, 154, 155, 156, 164, 165, 166, 168, 170, 176, 178, 180, 181, 182, 186, 187, 188, 191, 198, 200, 201, 202, 208, 219, 224, 232, 233, 236, 237, 243, 246, 247, 250, 251, 253, 262, 267, 275, 276, 278, 284, 285, 287, 288, 289, 293, 294, 301, 302, 306, 307, 308, 309, 312, 314, 318], "excluded_lines": []}, "": {"executed_lines": [1, 6, 7, 9, 10, 11, 13, 20, 21, 23, 24, 25, 26, 27, 28, 31, 32, 34, 35, 36, 37, 38, 45, 46, 58, 100, 105, 113, 117, 158, 184, 204, 226, 255, 269, 291, 304, 316], "summary": {"covered_lines": 34, "num_statements": 34, "percent_covered": 100.0, "percent_covered_display": "100", "missing_lines": 0, "excluded_lines": 0}, "missing_lines": [], "excluded_lines": []}}}, "cartrita/orchestrator/agents/cartrita_core/__init__.py": {"executed_lines": [4, 9, 10, 11, 12, 15], "summary": {"covered_lines": 5, "num_statements": 5, "percent_covered": 100.0, "percent_covered_display": "100", "missing_lines": 0, "excluded_lines": 0}, "missing_lines": [], "excluded_lines": [], "functions": {"": {"executed_lines": [4, 9, 10, 11, 12, 15], "summary": {"covered_lines": 5, "num_statements": 5, "percent_covered": 100.0, "percent_covered_display": "100", "missing_lines": 0, "excluded_lines": 0}, "missing_lines": [], "excluded_lines": []}}, "classes": {"": {"executed_lines": [4, 9, 10, 11, 12, 15], "summary": {"covered_lines": 5, "num_statements": 5, "percent_covered": 100.0, "percent_covered_display": "100", "missing_lines": 0, "excluded_lines": 0}, "missing_lines": [], "excluded_lines": []}}}, "cartrita/orchestrator/agents/cartrita_core/api_key_manager.py": {"executed_lines": [4, 9, 10, 11, 12, 13, 14, 15, 16, 18, 19, 20, 21, 22, 25, 28, 29, 31, 32, 33, 34, 37, 38, 40, 41, 42, 43, 46, 47, 48, 50, 51, 52, 53, 54, 55, 58, 59, 60, 62, 63, 64, 65, 66, 67, 70, 71, 73, 74, 75, 76, 77, 78, 79, 80, 81, 82, 83, 86, 87, 89, 91, 92, 93, 94, 95, 97, 99, 100, 106, 107, 109, 111, 112, 113, 114, 115, 116, 117, 119, 122, 127, 129, 130, 137, 140, 148, 149, 152, 154, 160, 161, 162, 163, 166, 167, 169, 175, 183, 185, 188, 189, 196, 198, 201, 204, 207, 208, 211, 214, 217, 219, 223, 225, 252, 254, 257, 258, 260, 272, 273, 274, 280, 282, 284, 285, 286, 287, 296, 305, 307, 308, 311, 313, 316, 328, 335, 336, 337, 338, 339, 344, 346, 347, 350, 356, 363, 364, 366, 367, 369, 370, 373, 374, 381, 383, 391, 407, 409, 410, 412, 413, 415, 416, 419, 422, 425, 429, 430, 441, 443, 444, 449, 450, 452, 454, 455, 456, 457, 462, 464, 466, 469, 471, 472, 474, 475, 477, 478, 481, 488, 491, 492, 497, 499, 501, 502, 504, 505, 508, 509, 511, 512, 521, 523, 530, 531, 535, 543, 545, 554, 556], "summary": {"covered_lines": 204, "num_statements": 249, "percent_covered": 81.92771084337349, "percent_covered_display": "82", "missing_lines": 45, "excluded_lines": 0}, "missing_lines": [123, 124, 125, 135, 141, 146, 155, 156, 157, 171, 172, 173, 177, 178, 179, 180, 181, 288, 289, 294, 320, 325, 329, 332, 348, 357, 360, 398, 399, 405, 417, 420, 423, 432, 433, 439, 463, 465, 467, 489, 506, 513, 514, 547, 548], "excluded_lines": [], "functions": {"SecureKeyVault.__init__": {"executed_lines": [91, 92, 93, 94, 95], "summary": {"covered_lines": 5, "num_statements": 5, "percent_covered": 100.0, "percent_covered_display": "100", "missing_lines": 0, "excluded_lines": 0}, "missing_lines": [], "excluded_lines": []}, "SecureKeyVault._create_cipher": {"executed_lines": [99, 100, 106, 107], "summary": {"covered_lines": 4, "num_statements": 4, "percent_covered": 100.0, "percent_covered_display": "100", "missing_lines": 0, "excluded_lines": 0}, "missing_lines": [], "excluded_lines": []}, "SecureKeyVault.store_key": {"executed_lines": [111, 112, 113, 114, 115, 116, 117, 119, 122], "summary": {"covered_lines": 9, "num_statements": 12, "percent_covered": 75.0, "percent_covered_display": "75", "missing_lines": 3, "excluded_lines": 0}, "missing_lines": [123, 124, 125], "excluded_lines": []}, "SecureKeyVault.retrieve_key": {"executed_lines": [129, 130, 137, 140, 148, 149, 152, 154, 160, 161, 162, 163, 166, 167, 169], "summary": {"covered_lines": 15, "num_statements": 24, "percent_covered": 62.5, "percent_covered_display": "62", "missing_lines": 9, "excluded_lines": 0}, "missing_lines": [135, 141, 146, 155, 156, 157, 171, 172, 173], "excluded_lines": []}, "SecureKeyVault.revoke_key": {"executed_lines": [], "summary": {"covered_lines": 0, "num_statements": 5, "percent_covered": 0.0, "percent_covered_display": "0", "missing_lines": 5, "excluded_lines": 0}, "missing_lines": [177, 178, 179, 180, 181], "excluded_lines": []}, "SecureKeyVault.list_keys": {"executed_lines": [185], "summary": {"covered_lines": 1, "num_statements": 1, "percent_covered": 100.0, "percent_covered_display": "100", "missing_lines": 0, "excluded_lines": 0}, "missing_lines": [], "excluded_lines": []}, "APIKeyManager.__init__": {"executed_lines": [198, 201, 204, 207, 208, 211, 214, 217, 219], "summary": {"covered_lines": 9, "num_statements": 9, "percent_covered": 100.0, "percent_covered_display": "100", "missing_lines": 0, "excluded_lines": 0}, "missing_lines": [], "excluded_lines": []}, "APIKeyManager._setup_default_permissions": {"executed_lines": [225, 252], "summary": {"covered_lines": 2, "num_statements": 2, "percent_covered": 100.0, "percent_covered_display": "100", "missing_lines": 0, "excluded_lines": 0}, "missing_lines": [], "excluded_lines": []}, "APIKeyManager._load_initial_keys": {"executed_lines": [257, 258, 260, 272, 273, 274, 280], "summary": {"covered_lines": 7, "num_statements": 7, "percent_covered": 100.0, "percent_covered_display": "100", "missing_lines": 0, "excluded_lines": 0}, "missing_lines": [], "excluded_lines": []}, "APIKeyManager.register_tool": {"executed_lines": [284, 285, 286, 287], "summary": {"covered_lines": 4, "num_statements": 7, "percent_covered": 57.142857142857146, "percent_covered_display": "57", "missing_lines": 3, "excluded_lines": 0}, "missing_lines": [288, 289, 294], "excluded_lines": []}, "APIKeyManager.request_key_access": {"executed_lines": [305, 307, 308, 311, 313, 316, 328, 335, 336, 337, 338, 339, 344, 346, 347, 350, 356, 363, 364, 366, 367, 369, 370, 373, 374, 381, 383, 391], "summary": {"covered_lines": 28, "num_statements": 38, "percent_covered": 73.6842105263158, "percent_covered_display": "74", "missing_lines": 10, "excluded_lines": 0}, "missing_lines": [320, 325, 329, 332, 348, 357, 360, 398, 399, 405], "excluded_lines": []}, "APIKeyManager.return_key_access": {"executed_lines": [409, 410, 412, 413, 415, 416, 419, 422, 425, 429, 430], "summary": {"covered_lines": 11, "num_statements": 17, "percent_covered": 64.70588235294117, "percent_covered_display": "65", "missing_lines": 6, "excluded_lines": 0}, "missing_lines": [417, 420, 423, 432, 433, 439], "excluded_lines": []}, "APIKeyManager._find_available_key": {"executed_lines": [443, 444, 449, 450], "summary": {"covered_lines": 4, "num_statements": 4, "percent_covered": 100.0, "percent_covered_display": "100", "missing_lines": 0, "excluded_lines": 0}, "missing_lines": [], "excluded_lines": []}, "APIKeyManager._cleanup_expired_checkouts": {"executed_lines": [454, 455, 456, 457, 462, 464, 466], "summary": {"covered_lines": 7, "num_statements": 10, "percent_covered": 70.0, "percent_covered_display": "70", "missing_lines": 3, "excluded_lines": 0}, "missing_lines": [463, 465, 467], "excluded_lines": []}, "APIKeyManager._check_rate_limit": {"executed_lines": [471, 472, 474, 475, 477, 478, 481, 488, 491, 492], "summary": {"covered_lines": 10, "num_statements": 11, "percent_covered": 90.9090909090909, "percent_covered_display": "91", "missing_lines": 1, "excluded_lines": 0}, "missing_lines": [489], "excluded_lines": []}, "APIKeyManager._hash_key": {"executed_lines": [499], "summary": {"covered_lines": 1, "num_statements": 1, "percent_covered": 100.0, "percent_covered_display": "100", "missing_lines": 0, "excluded_lines": 0}, "missing_lines": [], "excluded_lines": []}, "APIKeyManager.key_access_context": {"executed_lines": [504, 505, 508, 509, 511, 512], "summary": {"covered_lines": 6, "num_statements": 9, "percent_covered": 66.66666666666667, "percent_covered_display": "67", "missing_lines": 3, "excluded_lines": 0}, "missing_lines": [506, 513, 514], "excluded_lines": []}, "APIKeyManager.get_agent_permissions": {"executed_lines": [523, 530, 531, 535, 543], "summary": {"covered_lines": 5, "num_statements": 5, "percent_covered": 100.0, "percent_covered_display": "100", "missing_lines": 0, "excluded_lines": 0}, "missing_lines": [], "excluded_lines": []}, "APIKeyManager.audit_key_usage": {"executed_lines": [], "summary": {"covered_lines": 0, "num_statements": 2, "percent_covered": 0.0, "percent_covered_display": "0", "missing_lines": 2, "excluded_lines": 0}, "missing_lines": [547, 548], "excluded_lines": []}, "APIKeyManager.health_check": {"executed_lines": [556], "summary": {"covered_lines": 1, "num_statements": 1, "percent_covered": 100.0, "percent_covered_display": "100", "missing_lines": 0, "excluded_lines": 0}, "missing_lines": [], "excluded_lines": []}, "": {"executed_lines": [4, 9, 10, 11, 12, 13, 14, 15, 16, 18, 19, 20, 21, 22, 25, 28, 29, 31, 32, 33, 34, 37, 38, 40, 41, 42, 43, 46, 47, 48, 50, 51, 52, 53, 54, 55, 58, 59, 60, 62, 63, 64, 65, 66, 67, 70, 71, 73, 74, 75, 76, 77, 78, 79, 80, 81, 82, 83, 86, 87, 89, 97, 109, 127, 175, 183, 188, 189, 196, 223, 254, 282, 296, 407, 441, 452, 469, 497, 501, 502, 521, 545, 554], "summary": {"covered_lines": 75, "num_statements": 75, "percent_covered": 100.0, "percent_covered_display": "100", "missing_lines": 0, "excluded_lines": 0}, "missing_lines": [], "excluded_lines": []}}, "classes": {"PermissionLevel": {"executed_lines": [], "summary": {"covered_lines": 0, "num_statements": 0, "percent_covered": 100.0, "percent_covered_display": "100", "missing_lines": 0, "excluded_lines": 0}, "missing_lines": [], "excluded_lines": []}, "KeyStatus": {"executed_lines": [], "summary": {"covered_lines": 0, "num_statements": 0, "percent_covered": 100.0, "percent_covered_display": "100", "missing_lines": 0, "excluded_lines": 0}, "missing_lines": [], "excluded_lines": []}, "ToolPermission": {"executed_lines": [], "summary": {"covered_lines": 0, "num_statements": 0, "percent_covered": 100.0, "percent_covered_display": "100", "missing_lines": 0, "excluded_lines": 0}, "missing_lines": [], "excluded_lines": []}, "KeyUsageRecord": {"executed_lines": [], "summary": {"covered_lines": 0, "num_statements": 0, "percent_covered": 100.0, "percent_covered_display": "100", "missing_lines": 0, "excluded_lines": 0}, "missing_lines": [], "excluded_lines": []}, "APIKeyInfo": {"executed_lines": [], "summary": {"covered_lines": 0, "num_statements": 0, "percent_covered": 100.0, "percent_covered_display": "100", "missing_lines": 0, "excluded_lines": 0}, "missing_lines": [], "excluded_lines": []}, "SecureKeyVault": {"executed_lines": [91, 92, 93, 94, 95, 99, 100, 106, 107, 111, 112, 113, 114, 115, 116, 117, 119, 122, 129, 130, 137, 140, 148, 149, 152, 154, 160, 161, 162, 163, 166, 167, 169, 185], "summary": {"covered_lines": 34, "num_statements": 51, "percent_covered": 66.66666666666667, "percent_covered_display": "67", "missing_lines": 17, "excluded_lines": 0}, "missing_lines": [123, 124, 125, 135, 141, 146, 155, 156, 157, 171, 172, 173, 177, 178, 179, 180, 181], "excluded_lines": []}, "APIKeyManager": {"executed_lines": [198, 201, 204, 207, 208, 211, 214, 217, 219, 225, 252, 257, 258, 260, 272, 273, 274, 280, 284, 285, 286, 287, 305, 307, 308, 311, 313, 316, 328, 335, 336, 337, 338, 339, 344, 346, 347, 350, 356, 363, 364, 366, 367, 369, 370, 373, 374, 381, 383, 391, 409, 410, 412, 413, 415, 416, 419, 422, 425, 429, 430, 443, 444, 449, 450, 454, 455, 456, 457, 462, 464, 466, 471, 472, 474, 475, 477, 478, 481, 488, 491, 492, 499, 504, 505, 508, 509, 511, 512, 523, 530, 531, 535, 543, 556], "summary": {"covered_lines": 95, "num_statements": 123, "percent_covered": 77.23577235772358, "percent_covered_display": "77", "missing_lines": 28, "excluded_lines": 0}, "missing_lines": [288, 289, 294, 320, 325, 329, 332, 348, 357, 360, 398, 399, 405, 417, 420, 423, 432, 433, 439, 463, 465, 467, 489, 506, 513, 514, 547, 548], "excluded_lines": []}, "": {"executed_lines": [4, 9, 10, 11, 12, 13, 14, 15, 16, 18, 19, 20, 21, 22, 25, 28, 29, 31, 32, 33, 34, 37, 38, 40, 41, 42, 43, 46, 47, 48, 50, 51, 52, 53, 54, 55, 58, 59, 60, 62, 63, 64, 65, 66, 67, 70, 71, 73, 74, 75, 76, 77, 78, 79, 80, 81, 82, 83, 86, 87, 89, 97, 109, 127, 175, 183, 188, 189, 196, 223, 254, 282, 296, 407, 441, 452, 469, 497, 501, 502, 521, 545, 554], "summary": {"covered_lines": 75, "num_statements": 75, "percent_covered": 100.0, "percent_covered_display": "100", "missing_lines": 0, "excluded_lines": 0}, "missing_lines": [], "excluded_lines": []}}}, "cartrita/orchestrator/agents/cartrita_core/cartrita_agent.py": {"executed_lines": [4, 10, 11, 12, 13, 14, 15, 17, 18, 19, 20, 21, 22, 23, 25, 26, 28, 33, 34, 40, 41, 43, 44, 45, 46, 49, 50, 52, 53, 54, 55, 56, 57, 60, 61, 63, 64, 65, 66, 67, 68, 69, 72, 73, 81, 83, 84, 85, 88, 91, 92, 95, 97, 98, 103, 105, 111, 118, 119, 122, 156, 157, 160, 161, 162, 163, 168, 174, 176, 213, 215, 341, 343, 347, 354, 364, 366, 374, 377, 378, 379, 383, 389, 398, 399, 401, 404, 405, 406, 408, 412, 416, 417, 419, 422, 423, 424, 426, 430, 434, 435, 437, 441, 443, 446, 449, 450, 451, 452, 455, 458, 461, 469, 475, 481, 497, 526, 533, 535, 537, 541, 548, 549, 552, 553, 556, 557, 560, 561, 564, 574, 575, 607, 608, 610, 615, 617, 632, 653, 654, 655, 662, 664, 667, 669, 677, 680, 688, 697, 700, 703, 705, 707], "summary": {"covered_lines": 148, "num_statements": 206, "percent_covered": 71.84466019417475, "percent_covered_display": "72", "missing_lines": 58, "excluded_lines": 0}, "missing_lines": [35, 37, 99, 100, 101, 112, 113, 114, 115, 165, 166, 344, 385, 393, 410, 414, 428, 432, 444, 456, 477, 478, 479, 483, 484, 488, 489, 491, 493, 494, 495, 499, 500, 501, 502, 503, 511, 513, 515, 516, 517, 520, 522, 523, 524, 538, 584, 585, 588, 590, 592, 637, 639, 641, 663, 665, 698, 701], "excluded_lines": [], "functions": {"ChatOpenAI.__init__": {"executed_lines": [], "summary": {"covered_lines": 0, "num_statements": 2, "percent_covered": 0.0, "percent_covered_display": "0", "missing_lines": 2, "excluded_lines": 0}, "missing_lines": [35, 37], "excluded_lines": []}, "CartritaCoreAgent.__init__": {"executed_lines": [83, 84, 85, 88, 91, 92, 95, 97, 98, 103, 105, 111, 118, 119, 122, 156, 157, 160, 161, 162, 163, 168], "summary": {"covered_lines": 22, "num_statements": 31, "percent_covered": 70.96774193548387, "percent_covered_display": "71", "missing_lines": 9, "excluded_lines": 0}, "missing_lines": [99, 100, 101, 112, 113, 114, 115, 165, 166], "excluded_lines": []}, "CartritaCoreAgent._load_personality": {"executed_lines": [176], "summary": {"covered_lines": 1, "num_statements": 1, "percent_covered": 100.0, "percent_covered_display": "100", "missing_lines": 0, "excluded_lines": 0}, "missing_lines": [], "excluded_lines": []}, "CartritaCoreAgent._create_system_prompt": {"executed_lines": [215], "summary": {"covered_lines": 1, "num_statements": 1, "percent_covered": 100.0, "percent_covered_display": "100", "missing_lines": 0, "excluded_lines": 0}, "missing_lines": [], "excluded_lines": []}, "CartritaCoreAgent._create_agent_executor": {"executed_lines": [343, 347, 354, 364, 366], "summary": {"covered_lines": 5, "num_statements": 6, "percent_covered": 83.33333333333333, "percent_covered_display": "83", "missing_lines": 1, "excluded_lines": 0}, "missing_lines": [344], "excluded_lines": []}, "CartritaCoreAgent._create_delegation_tool": {"executed_lines": [377, 378, 379, 383, 389, 398, 399], "summary": {"covered_lines": 7, "num_statements": 7, "percent_covered": 100.0, "percent_covered_display": "100", "missing_lines": 0, "excluded_lines": 0}, "missing_lines": [], "excluded_lines": []}, "CartritaCoreAgent._create_delegation_tool.DelegationTool._run": {"executed_lines": [], "summary": {"covered_lines": 0, "num_statements": 1, "percent_covered": 0.0, "percent_covered_display": "0", "missing_lines": 1, "excluded_lines": 0}, "missing_lines": [385], "excluded_lines": []}, "CartritaCoreAgent._create_delegation_tool.DelegationTool._arun": {"executed_lines": [], "summary": {"covered_lines": 0, "num_statements": 1, "percent_covered": 0.0, "percent_covered_display": "0", "missing_lines": 1, "excluded_lines": 0}, "missing_lines": [393], "excluded_lines": []}, "CartritaCoreAgent._create_key_management_tool": {"executed_lines": [404, 405, 406, 408, 412, 416, 417], "summary": {"covered_lines": 7, "num_statements": 7, "percent_covered": 100.0, "percent_covered_display": "100", "missing_lines": 0, "excluded_lines": 0}, "missing_lines": [], "excluded_lines": []}, "CartritaCoreAgent._create_key_management_tool.KeyManagementTool._run": {"executed_lines": [], "summary": {"covered_lines": 0, "num_statements": 1, "percent_covered": 0.0, "percent_covered_display": "0", "missing_lines": 1, "excluded_lines": 0}, "missing_lines": [410], "excluded_lines": []}, "CartritaCoreAgent._create_key_management_tool.KeyManagementTool._arun": {"executed_lines": [], "summary": {"covered_lines": 0, "num_statements": 1, "percent_covered": 0.0, "percent_covered_display": "0", "missing_lines": 1, "excluded_lines": 0}, "missing_lines": [414], "excluded_lines": []}, "CartritaCoreAgent._create_agent_status_tool": {"executed_lines": [422, 423, 424, 426, 430, 434, 435], "summary": {"covered_lines": 7, "num_statements": 7, "percent_covered": 100.0, "percent_covered_display": "100", "missing_lines": 0, "excluded_lines": 0}, "missing_lines": [], "excluded_lines": []}, "CartritaCoreAgent._create_agent_status_tool.AgentStatusTool._run": {"executed_lines": [], "summary": {"covered_lines": 0, "num_statements": 1, "percent_covered": 0.0, "percent_covered_display": "0", "missing_lines": 1, "excluded_lines": 0}, "missing_lines": [428], "excluded_lines": []}, "CartritaCoreAgent._create_agent_status_tool.AgentStatusTool._arun": {"executed_lines": [], "summary": {"covered_lines": 0, "num_statements": 1, "percent_covered": 0.0, "percent_covered_display": "0", "missing_lines": 1, "excluded_lines": 0}, "missing_lines": [432], "excluded_lines": []}, "CartritaCoreAgent._delegate_task": {"executed_lines": [441, 443, 446, 449, 450, 451, 452, 455, 458, 461, 469, 475], "summary": {"covered_lines": 12, "num_statements": 17, "percent_covered": 70.58823529411765, "percent_covered_display": "71", "missing_lines": 5, "excluded_lines": 0}, "missing_lines": [444, 456, 477, 478, 479], "excluded_lines": []}, "CartritaCoreAgent._request_key_access": {"executed_lines": [], "summary": {"covered_lines": 0, "num_statements": 8, "percent_covered": 0.0, "percent_covered_display": "0", "missing_lines": 8, "excluded_lines": 0}, "missing_lines": [483, 484, 488, 489, 491, 493, 494, 495], "excluded_lines": []}, "CartritaCoreAgent._check_agent_status": {"executed_lines": [], "summary": {"covered_lines": 0, "num_statements": 14, "percent_covered": 0.0, "percent_covered_display": "0", "missing_lines": 14, "excluded_lines": 0}, "missing_lines": [499, 500, 501, 502, 503, 511, 513, 515, 516, 517, 520, 522, 523, 524], "excluded_lines": []}, "CartritaCoreAgent.process_request": {"executed_lines": [533, 535, 537, 541, 548, 549, 552, 553, 556, 557, 560, 561, 564, 574, 575, 607, 608, 610, 615, 617, 632, 653, 654, 655, 662, 664, 667, 669], "summary": {"covered_lines": 28, "num_statements": 39, "percent_covered": 71.7948717948718, "percent_covered_display": "72", "missing_lines": 11, "excluded_lines": 0}, "missing_lines": [538, 584, 585, 588, 590, 592, 637, 639, 641, 663, 665], "excluded_lines": []}, "CartritaCoreAgent._add_personality_touch": {"executed_lines": [680, 688, 697, 700, 703], "summary": {"covered_lines": 5, "num_statements": 7, "percent_covered": 71.42857142857143, "percent_covered_display": "71", "missing_lines": 2, "excluded_lines": 0}, "missing_lines": [698, 701], "excluded_lines": []}, "CartritaCoreAgent.get_status": {"executed_lines": [707], "summary": {"covered_lines": 1, "num_statements": 1, "percent_covered": 100.0, "percent_covered_display": "100", "missing_lines": 0, "excluded_lines": 0}, "missing_lines": [], "excluded_lines": []}, "": {"executed_lines": [4, 10, 11, 12, 13, 14, 15, 17, 18, 19, 20, 21, 22, 23, 25, 26, 28, 33, 34, 40, 41, 43, 44, 45, 46, 49, 50, 52, 53, 54, 55, 56, 57, 60, 61, 63, 64, 65, 66, 67, 68, 69, 72, 73, 81, 174, 213, 341, 374, 401, 419, 437, 481, 497, 526, 677, 705], "summary": {"covered_lines": 52, "num_statements": 52, "percent_covered": 100.0, "percent_covered_display": "100", "missing_lines": 0, "excluded_lines": 0}, "missing_lines": [], "excluded_lines": []}}, "classes": {"ChatOpenAI": {"executed_lines": [], "summary": {"covered_lines": 0, "num_statements": 2, "percent_covered": 0.0, "percent_covered_display": "0", "missing_lines": 2, "excluded_lines": 0}, "missing_lines": [35, 37], "excluded_lines": []}, "TaskComplexity": {"executed_lines": [], "summary": {"covered_lines": 0, "num_statements": 0, "percent_covered": 100.0, "percent_covered_display": "100", "missing_lines": 0, "excluded_lines": 0}, "missing_lines": [], "excluded_lines": []}, "AgentCapability": {"executed_lines": [], "summary": {"covered_lines": 0, "num_statements": 0, "percent_covered": 100.0, "percent_covered_display": "100", "missing_lines": 0, "excluded_lines": 0}, "missing_lines": [], "excluded_lines": []}, "TaskDelegation": {"executed_lines": [], "summary": {"covered_lines": 0, "num_statements": 0, "percent_covered": 100.0, "percent_covered_display": "100", "missing_lines": 0, "excluded_lines": 0}, "missing_lines": [], "excluded_lines": []}, "CartritaCoreAgent": {"executed_lines": [83, 84, 85, 88, 91, 92, 95, 97, 98, 103, 105, 111, 118, 119, 122, 156, 157, 160, 161, 162, 163, 168, 176, 215, 343, 347, 354, 364, 366, 377, 378, 379, 383, 389, 398, 399, 404, 405, 406, 408, 412, 416, 417, 422, 423, 424, 426, 430, 434, 435, 441, 443, 446, 449, 450, 451, 452, 455, 458, 461, 469, 475, 533, 535, 537, 541, 548, 549, 552, 553, 556, 557, 560, 561, 564, 574, 575, 607, 608, 610, 615, 617, 632, 653, 654, 655, 662, 664, 667, 669, 680, 688, 697, 700, 703, 707], "summary": {"covered_lines": 96, "num_statements": 146, "percent_covered": 65.75342465753425, "percent_covered_display": "66", "missing_lines": 50, "excluded_lines": 0}, "missing_lines": [99, 100, 101, 112, 113, 114, 115, 165, 166, 344, 444, 456, 477, 478, 479, 483, 484, 488, 489, 491, 493, 494, 495, 499, 500, 501, 502, 503, 511, 513, 515, 516, 517, 520, 522, 523, 524, 538, 584, 585, 588, 590, 592, 637, 639, 641, 663, 665, 698, 701], "excluded_lines": []}, "CartritaCoreAgent._create_delegation_tool.DelegationTool": {"executed_lines": [], "summary": {"covered_lines": 0, "num_statements": 2, "percent_covered": 0.0, "percent_covered_display": "0", "missing_lines": 2, "excluded_lines": 0}, "missing_lines": [385, 393], "excluded_lines": []}, "CartritaCoreAgent._create_key_management_tool.KeyManagementTool": {"executed_lines": [], "summary": {"covered_lines": 0, "num_statements": 2, "percent_covered": 0.0, "percent_covered_display": "0", "missing_lines": 2, "excluded_lines": 0}, "missing_lines": [410, 414], "excluded_lines": []}, "CartritaCoreAgent._create_agent_status_tool.AgentStatusTool": {"executed_lines": [], "summary": {"covered_lines": 0, "num_statements": 2, "percent_covered": 0.0, "percent_covered_display": "0", "missing_lines": 2, "excluded_lines": 0}, "missing_lines": [428, 432], "excluded_lines": []}, "": {"executed_lines": [4, 10, 11, 12, 13, 14, 15, 17, 18, 19, 20, 21, 22, 23, 25, 26, 28, 33, 34, 40, 41, 43, 44, 45, 46, 49, 50, 52, 53, 54, 55, 56, 57, 60, 61, 63, 64, 65, 66, 67, 68, 69, 72, 73, 81, 174, 213, 341, 374, 401, 419, 437, 481, 497, 526, 677, 705], "summary": {"covered_lines": 52, "num_statements": 52, "percent_covered": 100.0, "percent_covered_display": "100", "missing_lines": 0, "excluded_lines": 0}, "missing_lines": [], "excluded_lines": []}}}, "cartrita/orchestrator/agents/cartrita_core/cartrita_agent_simple.py": {"executed_lines": [], "summary": {"covered_lines": 0, "num_statements": 8, "percent_covered": 0.0, "percent_covered_display": "0", "missing_lines": 8, "excluded_lines": 0}, "missing_lines": [5, 8, 9, 10, 12, 13, 15, 16], "excluded_lines": [], "functions": {"CartritaAgent.__init__": {"executed_lines": [], "summary": {"covered_lines": 0, "num_statements": 2, "percent_covered": 0.0, "percent_covered_display": "0", "missing_lines": 2, "excluded_lines": 0}, "missing_lines": [9, 10], "excluded_lines": []}, "CartritaAgent.process_request": {"executed_lines": [], "summary": {"covered_lines": 0, "num_statements": 1, "percent_covered": 0.0, "percent_covered_display": "0", "missing_lines": 1, "excluded_lines": 0}, "missing_lines": [13], "excluded_lines": []}, "CartritaAgent.aprocess_request": {"executed_lines": [], "summary": {"covered_lines": 0, "num_statements": 1, "percent_covered": 0.0, "percent_covered_display": "0", "missing_lines": 1, "excluded_lines": 0}, "missing_lines": [16], "excluded_lines": []}, "": {"executed_lines": [], "summary": {"covered_lines": 0, "num_statements": 4, "percent_covered": 0.0, "percent_covered_display": "0", "missing_lines": 4, "excluded_lines": 0}, "missing_lines": [5, 8, 12, 15], "excluded_lines": []}}, "classes": {"CartritaAgent": {"executed_lines": [], "summary": {"covered_lines": 0, "num_statements": 4, "percent_covered": 0.0, "percent_covered_display": "0", "missing_lines": 4, "excluded_lines": 0}, "missing_lines": [9, 10, 13, 16], "excluded_lines": []}, "": {"executed_lines": [], "summary": {"covered_lines": 0, "num_statements": 4, "percent_covered": 0.0, "percent_covered_display": "0", "missing_lines": 4, "excluded_lines": 0}, "missing_lines": [5, 8, 12, 15], "excluded_lines": []}}}, "cartrita/orchestrator/agents/cartrita_core/mcp_protocol.py": {"executed_lines": [4, 9, 10, 11, 12, 13, 14, 15, 17, 18, 19, 21, 23, 26, 27, 29, 30, 31, 32, 35, 36, 38, 39, 40, 41, 44, 45, 47, 48, 49, 50, 51, 54, 55, 56, 58, 59, 60, 61, 62, 63, 64, 67, 68, 69, 71, 72, 73, 74, 75, 76, 77, 78, 79, 80, 83, 84, 86, 87, 88, 89, 92, 95, 98, 101, 104, 109, 110, 116, 118, 119, 120, 123, 124, 127, 128, 131, 132, 135, 143, 145, 152, 154, 155, 156, 162, 164, 275, 276, 278, 280, 281, 283, 287, 289, 295, 301, 304, 306, 313, 315, 317, 318, 320, 321, 323, 324, 326, 329, 330, 333, 334, 339, 349, 351, 352, 354, 355, 356, 357, 366, 367, 368, 370, 372, 378, 380, 381, 382, 384, 387, 390, 399, 401, 403, 404, 405, 406, 411, 416, 419, 422, 423, 428, 429, 430, 433, 437, 440, 483, 484, 485, 487, 547, 549, 563, 592, 594, 595, 596, 599, 610], "summary": {"covered_lines": 154, "num_statements": 200, "percent_covered": 77.0, "percent_covered_display": "77", "missing_lines": 46, "excluded_lines": 0}, "missing_lines": [157, 158, 159, 160, 284, 297, 298, 299, 327, 341, 342, 343, 385, 412, 413, 434, 438, 449, 450, 451, 452, 454, 460, 467, 468, 469, 470, 472, 474, 489, 491, 493, 494, 495, 504, 505, 506, 518, 522, 565, 566, 567, 569, 587, 589, 590], "excluded_lines": [], "functions": {"CartritaMCPProtocol.__init__": {"executed_lines": [118, 119, 120, 123, 124, 127, 128, 131, 132, 135, 143, 145], "summary": {"covered_lines": 12, "num_statements": 12, "percent_covered": 100.0, "percent_covered_display": "100", "missing_lines": 0, "excluded_lines": 0}, "missing_lines": [], "excluded_lines": []}, "CartritaMCPProtocol._setup_langsmith_integration": {"executed_lines": [154, 155, 156], "summary": {"covered_lines": 3, "num_statements": 7, "percent_covered": 42.857142857142854, "percent_covered_display": "43", "missing_lines": 4, "excluded_lines": 0}, "missing_lines": [157, 158, 159, 160], "excluded_lines": []}, "CartritaMCPProtocol._register_core_tools": {"executed_lines": [164, 275, 276], "summary": {"covered_lines": 3, "num_statements": 3, "percent_covered": 100.0, "percent_covered_display": "100", "missing_lines": 0, "excluded_lines": 0}, "missing_lines": [], "excluded_lines": []}, "CartritaMCPProtocol.register_tool": {"executed_lines": [280, 281, 283, 287, 289, 295], "summary": {"covered_lines": 6, "num_statements": 10, "percent_covered": 60.0, "percent_covered_display": "60", "missing_lines": 4, "excluded_lines": 0}, "missing_lines": [284, 297, 298, 299], "excluded_lines": []}, "CartritaMCPProtocol._create_default_executor": {"executed_lines": [304, 313], "summary": {"covered_lines": 2, "num_statements": 2, "percent_covered": 100.0, "percent_covered_display": "100", "missing_lines": 0, "excluded_lines": 0}, "missing_lines": [], "excluded_lines": []}, "CartritaMCPProtocol._create_default_executor.default_executor": {"executed_lines": [306], "summary": {"covered_lines": 1, "num_statements": 1, "percent_covered": 100.0, "percent_covered_display": "100", "missing_lines": 0, "excluded_lines": 0}, "missing_lines": [], "excluded_lines": []}, "CartritaMCPProtocol.handle_message": {"executed_lines": [317, 318, 320, 321, 323, 324, 326, 329, 330, 333, 334, 339], "summary": {"covered_lines": 12, "num_statements": 16, "percent_covered": 75.0, "percent_covered_display": "75", "missing_lines": 4, "excluded_lines": 0}, "missing_lines": [327, 341, 342, 343], "excluded_lines": []}, "CartritaMCPProtocol._handle_list_tools": {"executed_lines": [351, 352, 354, 355, 356, 357, 366, 367, 368, 370, 372], "summary": {"covered_lines": 11, "num_statements": 11, "percent_covered": 100.0, "percent_covered_display": "100", "missing_lines": 0, "excluded_lines": 0}, "missing_lines": [], "excluded_lines": []}, "CartritaMCPProtocol._handle_call_tool": {"executed_lines": [380, 381, 382, 384, 387, 390, 399, 401, 403, 404, 405, 406, 411, 416, 419, 422, 423, 428, 429, 430, 433, 437, 440, 483, 484, 485], "summary": {"covered_lines": 26, "num_statements": 43, "percent_covered": 60.46511627906977, "percent_covered_display": "60", "missing_lines": 17, "excluded_lines": 0}, "missing_lines": [385, 412, 413, 434, 438, 449, 450, 451, 452, 454, 460, 467, 468, 469, 470, 472, 474], "excluded_lines": []}, "CartritaMCPProtocol._handle_tool_status": {"executed_lines": [], "summary": {"covered_lines": 0, "num_statements": 10, "percent_covered": 0.0, "percent_covered_display": "0", "missing_lines": 10, "excluded_lines": 0}, "missing_lines": [489, 491, 493, 494, 495, 504, 505, 506, 518, 522], "excluded_lines": []}, "CartritaMCPProtocol._handle_capabilities": {"executed_lines": [549], "summary": {"covered_lines": 1, "num_statements": 1, "percent_covered": 100.0, "percent_covered_display": "100", "missing_lines": 0, "excluded_lines": 0}, "missing_lines": [], "excluded_lines": []}, "CartritaMCPProtocol._log_to_langsmith": {"executed_lines": [], "summary": {"covered_lines": 0, "num_statements": 7, "percent_covered": 0.0, "percent_covered_display": "0", "missing_lines": 7, "excluded_lines": 0}, "missing_lines": [565, 566, 567, 569, 587, 589, 590], "excluded_lines": []}, "CartritaMCPProtocol.get_tool_hierarchy_report": {"executed_lines": [594, 595, 596, 599, 610], "summary": {"covered_lines": 5, "num_statements": 5, "percent_covered": 100.0, "percent_covered_display": "100", "missing_lines": 0, "excluded_lines": 0}, "missing_lines": [], "excluded_lines": []}, "": {"executed_lines": [4, 9, 10, 11, 12, 13, 14, 15, 17, 18, 19, 21, 23, 26, 27, 29, 30, 31, 32, 35, 36, 38, 39, 40, 41, 44, 45, 47, 48, 49, 50, 51, 54, 55, 56, 58, 59, 60, 61, 62, 63, 64, 67, 68, 69, 71, 72, 73, 74, 75, 76, 77, 78, 79, 80, 83, 84, 86, 87, 88, 89, 92, 95, 98, 101, 104, 109, 110, 116, 152, 162, 278, 301, 315, 349, 378, 487, 547, 563, 592], "summary": {"covered_lines": 72, "num_statements": 72, "percent_covered": 100.0, "percent_covered_display": "100", "missing_lines": 0, "excluded_lines": 0}, "missing_lines": [], "excluded_lines": []}}, "classes": {"MCPMessageType": {"executed_lines": [], "summary": {"covered_lines": 0, "num_statements": 0, "percent_covered": 100.0, "percent_covered_display": "100", "missing_lines": 0, "excluded_lines": 0}, "missing_lines": [], "excluded_lines": []}, "MCPCapability": {"executed_lines": [], "summary": {"covered_lines": 0, "num_statements": 0, "percent_covered": 100.0, "percent_covered_display": "100", "missing_lines": 0, "excluded_lines": 0}, "missing_lines": [], "excluded_lines": []}, "ToolExecutionStatus": {"executed_lines": [], "summary": {"covered_lines": 0, "num_statements": 0, "percent_covered": 100.0, "percent_covered_display": "100", "missing_lines": 0, "excluded_lines": 0}, "missing_lines": [], "excluded_lines": []}, "MCPMessage": {"executed_lines": [], "summary": {"covered_lines": 0, "num_statements": 0, "percent_covered": 100.0, "percent_covered_display": "100", "missing_lines": 0, "excluded_lines": 0}, "missing_lines": [], "excluded_lines": []}, "ToolExecution": {"executed_lines": [], "summary": {"covered_lines": 0, "num_statements": 0, "percent_covered": 100.0, "percent_covered_display": "100", "missing_lines": 0, "excluded_lines": 0}, "missing_lines": [], "excluded_lines": []}, "MCPTool": {"executed_lines": [], "summary": {"covered_lines": 0, "num_statements": 0, "percent_covered": 100.0, "percent_covered_display": "100", "missing_lines": 0, "excluded_lines": 0}, "missing_lines": [], "excluded_lines": []}, "CartritaMCPProtocol": {"executed_lines": [118, 119, 120, 123, 124, 127, 128, 131, 132, 135, 143, 145, 154, 155, 156, 164, 275, 276, 280, 281, 283, 287, 289, 295, 304, 306, 313, 317, 318, 320, 321, 323, 324, 326, 329, 330, 333, 334, 339, 351, 352, 354, 355, 356, 357, 366, 367, 368, 370, 372, 380, 381, 382, 384, 387, 390, 399, 401, 403, 404, 405, 406, 411, 416, 419, 422, 423, 428, 429, 430, 433, 437, 440, 483, 484, 485, 549, 594, 595, 596, 599, 610], "summary": {"covered_lines": 82, "num_statements": 128, "percent_covered": 64.0625, "percent_covered_display": "64", "missing_lines": 46, "excluded_lines": 0}, "missing_lines": [157, 158, 159, 160, 284, 297, 298, 299, 327, 341, 342, 343, 385, 412, 413, 434, 438, 449, 450, 451, 452, 454, 460, 467, 468, 469, 470, 472, 474, 489, 491, 493, 494, 495, 504, 505, 506, 518, 522, 565, 566, 567, 569, 587, 589, 590], "excluded_lines": []}, "": {"executed_lines": [4, 9, 10, 11, 12, 13, 14, 15, 17, 18, 19, 21, 23, 26, 27, 29, 30, 31, 32, 35, 36, 38, 39, 40, 41, 44, 45, 47, 48, 49, 50, 51, 54, 55, 56, 58, 59, 60, 61, 62, 63, 64, 67, 68, 69, 71, 72, 73, 74, 75, 76, 77, 78, 79, 80, 83, 84, 86, 87, 88, 89, 92, 95, 98, 101, 104, 109, 110, 116, 152, 162, 278, 301, 315, 349, 378, 487, 547, 563, 592], "summary": {"covered_lines": 72, "num_statements": 72, "percent_covered": 100.0, "percent_covered_display": "100", "missing_lines": 0, "excluded_lines": 0}, "missing_lines": [], "excluded_lines": []}}}, "cartrita/orchestrator/agents/cartrita_core/orchestrator.py": {"executed_lines": [4, 9, 10, 11, 13, 15, 16, 17, 22, 25, 26, 35, 37, 38, 41, 44, 47, 50, 53, 54, 55, 57, 62, 64, 65, 68, 70, 79, 81, 82, 85, 87, 96, 108, 109, 112, 113, 115, 116, 117, 120, 129, 139, 140, 142, 143, 144, 151, 154, 164, 169, 180, 182, 189, 191, 192, 193, 195, 203, 219, 221, 223, 226, 229, 232, 267, 268, 279, 288, 328, 374, 395, 413, 431, 449, 472, 500, 509, 511, 512, 516, 517, 521, 522, 526, 527, 530, 536, 559, 566, 567, 576, 577, 583, 584, 586, 588, 590, 591, 594, 596, 600, 602, 604, 607, 608, 612, 613, 617, 618, 621, 628, 630, 632, 633, 640, 646, 653, 655, 657], "summary": {"covered_lines": 118, "num_statements": 258, "percent_covered": 45.736434108527135, "percent_covered_display": "46", "missing_lines": 140, "excluded_lines": 0}, "missing_lines": [74, 75, 76, 77, 93, 94, 153, 156, 160, 161, 281, 282, 283, 292, 294, 296, 299, 300, 301, 302, 303, 304, 305, 306, 307, 308, 309, 310, 313, 319, 320, 321, 332, 333, 336, 345, 352, 353, 354, 357, 358, 359, 362, 363, 364, 365, 367, 369, 370, 372, 376, 378, 379, 382, 384, 385, 386, 387, 388, 397, 398, 399, 401, 402, 403, 404, 405, 406, 415, 416, 417, 419, 420, 421, 422, 423, 424, 433, 434, 435, 437, 438, 439, 440, 441, 442, 451, 452, 453, 457, 463, 464, 465, 474, 475, 476, 479, 481, 491, 492, 493, 502, 503, 504, 505, 506, 507, 513, 518, 523, 528, 532, 533, 534, 538, 539, 542, 545, 546, 547, 550, 552, 553, 555, 556, 557, 579, 580, 581, 609, 614, 619, 634, 635, 636, 637, 641, 642, 650, 651], "excluded_lines": [], "functions": {"CartritaOrchestrator.__init__": {"executed_lines": [37, 38, 41, 44, 47, 50, 53, 54, 55, 57], "summary": {"covered_lines": 10, "num_statements": 10, "percent_covered": 100.0, "percent_covered_display": "100", "missing_lines": 0, "excluded_lines": 0}, "missing_lines": [], "excluded_lines": []}, "CartritaOrchestrator.start": {"executed_lines": [64, 65, 68, 70], "summary": {"covered_lines": 4, "num_statements": 8, "percent_covered": 50.0, "percent_covered_display": "50", "missing_lines": 4, "excluded_lines": 0}, "missing_lines": [74, 75, 76, 77], "excluded_lines": []}, "CartritaOrchestrator.stop": {"executed_lines": [81, 82, 85, 87], "summary": {"covered_lines": 4, "num_statements": 6, "percent_covered": 66.66666666666667, "percent_covered_display": "67", "missing_lines": 2, "excluded_lines": 0}, "missing_lines": [93, 94], "excluded_lines": []}, "CartritaOrchestrator.process_chat_request": {"executed_lines": [108, 109, 112, 113, 115, 116, 117, 120, 129, 139, 140, 142, 143, 144, 151, 154, 164, 169, 180, 182, 189, 191, 192, 193, 195, 203], "summary": {"covered_lines": 26, "num_statements": 30, "percent_covered": 86.66666666666667, "percent_covered_display": "87", "missing_lines": 4, "excluded_lines": 0}, "missing_lines": [153, 156, 160, 161], "excluded_lines": []}, "CartritaOrchestrator.get_agent_statuses": {"executed_lines": [221, 223, 226, 229, 232, 267, 268, 279], "summary": {"covered_lines": 8, "num_statements": 11, "percent_covered": 72.72727272727273, "percent_covered_display": "73", "missing_lines": 3, "excluded_lines": 0}, "missing_lines": [281, 282, 283], "excluded_lines": []}, "CartritaOrchestrator._route_to_agent": {"executed_lines": [], "summary": {"covered_lines": 0, "num_statements": 19, "percent_covered": 0.0, "percent_covered_display": "0", "missing_lines": 19, "excluded_lines": 0}, "missing_lines": [292, 294, 296, 299, 300, 301, 302, 303, 304, 305, 306, 307, 308, 309, 310, 313, 319, 320, 321], "excluded_lines": []}, "CartritaOrchestrator._add_cartrita_personality_overlay": {"executed_lines": [], "summary": {"covered_lines": 0, "num_statements": 18, "percent_covered": 0.0, "percent_covered_display": "0", "missing_lines": 18, "excluded_lines": 0}, "missing_lines": [332, 333, 336, 345, 352, 353, 354, 357, 358, 359, 362, 363, 364, 365, 367, 369, 370, 372], "excluded_lines": []}, "CartritaOrchestrator._call_research_agent": {"executed_lines": [], "summary": {"covered_lines": 0, "num_statements": 9, "percent_covered": 0.0, "percent_covered_display": "0", "missing_lines": 9, "excluded_lines": 0}, "missing_lines": [376, 378, 379, 382, 384, 385, 386, 387, 388], "excluded_lines": []}, "CartritaOrchestrator._call_knowledge_agent": {"executed_lines": [], "summary": {"covered_lines": 0, "num_statements": 9, "percent_covered": 0.0, "percent_covered_display": "0", "missing_lines": 9, "excluded_lines": 0}, "missing_lines": [397, 398, 399, 401, 402, 403, 404, 405, 406], "excluded_lines": []}, "CartritaOrchestrator._call_task_agent": {"executed_lines": [], "summary": {"covered_lines": 0, "num_statements": 9, "percent_covered": 0.0, "percent_covered_display": "0", "missing_lines": 9, "excluded_lines": 0}, "missing_lines": [415, 416, 417, 419, 420, 421, 422, 423, 424], "excluded_lines": []}, "CartritaOrchestrator._call_code_agent": {"executed_lines": [], "summary": {"covered_lines": 0, "num_statements": 9, "percent_covered": 0.0, "percent_covered_display": "0", "missing_lines": 9, "excluded_lines": 0}, "missing_lines": [433, 434, 435, 437, 438, 439, 440, 441, 442], "excluded_lines": []}, "CartritaOrchestrator._call_image_agent": {"executed_lines": [], "summary": {"covered_lines": 0, "num_statements": 7, "percent_covered": 0.0, "percent_covered_display": "0", "missing_lines": 7, "excluded_lines": 0}, "missing_lines": [451, 452, 453, 457, 463, 464, 465], "excluded_lines": []}, "CartritaOrchestrator._call_memory_agent": {"executed_lines": [], "summary": {"covered_lines": 0, "num_statements": 8, "percent_covered": 0.0, "percent_covered_display": "0", "missing_lines": 8, "excluded_lines": 0}, "missing_lines": [474, 475, 476, 479, 481, 491, 492, 493], "excluded_lines": []}, "CartritaOrchestrator.get_agent_status": {"executed_lines": [], "summary": {"covered_lines": 0, "num_statements": 6, "percent_covered": 0.0, "percent_covered_display": "0", "missing_lines": 6, "excluded_lines": 0}, "missing_lines": [502, 503, 504, 505, 506, 507], "excluded_lines": []}, "CartritaOrchestrator.health_check": {"executed_lines": [511, 512, 516, 517, 521, 522, 526, 527, 530], "summary": {"covered_lines": 9, "num_statements": 16, "percent_covered": 56.25, "percent_covered_display": "56", "missing_lines": 7, "excluded_lines": 0}, "missing_lines": [513, 518, 523, 528, 532, 533, 534], "excluded_lines": []}, "CartritaOrchestrator.reload_agents": {"executed_lines": [], "summary": {"covered_lines": 0, "num_statements": 12, "percent_covered": 0.0, "percent_covered_display": "0", "missing_lines": 12, "excluded_lines": 0}, "missing_lines": [538, 539, 542, 545, 546, 547, 550, 552, 553, 555, 556, 557], "excluded_lines": []}, "CartritaOrchestrator.execute_mcp_tool": {"executed_lines": [566, 567, 576, 577], "summary": {"covered_lines": 4, "num_statements": 7, "percent_covered": 57.142857142857146, "percent_covered_display": "57", "missing_lines": 3, "excluded_lines": 0}, "missing_lines": [579, 580, 581], "excluded_lines": []}, "CartritaOrchestrator.request_context": {"executed_lines": [586, 588, 590, 591, 594, 596, 600], "summary": {"covered_lines": 7, "num_statements": 7, "percent_covered": 100.0, "percent_covered_display": "100", "missing_lines": 0, "excluded_lines": 0}, "missing_lines": [], "excluded_lines": []}, "CartritaOrchestrator._perform_startup_checks": {"executed_lines": [604, 607, 608, 612, 613, 617, 618, 621], "summary": {"covered_lines": 8, "num_statements": 11, "percent_covered": 72.72727272727273, "percent_covered_display": "73", "missing_lines": 3, "excluded_lines": 0}, "missing_lines": [609, 614, 619], "excluded_lines": []}, "CartritaOrchestrator._cleanup_operations": {"executed_lines": [630, 632, 633, 640, 646], "summary": {"covered_lines": 5, "num_statements": 13, "percent_covered": 38.46153846153846, "percent_covered_display": "38", "missing_lines": 8, "excluded_lines": 0}, "missing_lines": [634, 635, 636, 637, 641, 642, 650, 651], "excluded_lines": []}, "CartritaOrchestrator.get_system_stats": {"executed_lines": [655, 657], "summary": {"covered_lines": 2, "num_statements": 2, "percent_covered": 100.0, "percent_covered_display": "100", "missing_lines": 0, "excluded_lines": 0}, "missing_lines": [], "excluded_lines": []}, "": {"executed_lines": [4, 9, 10, 11, 13, 15, 16, 17, 22, 25, 26, 35, 62, 79, 96, 219, 288, 328, 374, 395, 413, 431, 449, 472, 500, 509, 536, 559, 583, 584, 602, 628, 653], "summary": {"covered_lines": 31, "num_statements": 31, "percent_covered": 100.0, "percent_covered_display": "100", "missing_lines": 0, "excluded_lines": 0}, "missing_lines": [], "excluded_lines": []}}, "classes": {"CartritaOrchestrator": {"executed_lines": [37, 38, 41, 44, 47, 50, 53, 54, 55, 57, 64, 65, 68, 70, 81, 82, 85, 87, 108, 109, 112, 113, 115, 116, 117, 120, 129, 139, 140, 142, 143, 144, 151, 154, 164, 169, 180, 182, 189, 191, 192, 193, 195, 203, 221, 223, 226, 229, 232, 267, 268, 279, 511, 512, 516, 517, 521, 522, 526, 527, 530, 566, 567, 576, 577, 586, 588, 590, 591, 594, 596, 600, 604, 607, 608, 612, 613, 617, 618, 621, 630, 632, 633, 640, 646, 655, 657], "summary": {"covered_lines": 87, "num_statements": 227, "percent_covered": 38.32599118942731, "percent_covered_display": "38", "missing_lines": 140, "excluded_lines": 0}, "missing_lines": [74, 75, 76, 77, 93, 94, 153, 156, 160, 161, 281, 282, 283, 292, 294, 296, 299, 300, 301, 302, 303, 304, 305, 306, 307, 308, 309, 310, 313, 319, 320, 321, 332, 333, 336, 345, 352, 353, 354, 357, 358, 359, 362, 363, 364, 365, 367, 369, 370, 372, 376, 378, 379, 382, 384, 385, 386, 387, 388, 397, 398, 399, 401, 402, 403, 404, 405, 406, 415, 416, 417, 419, 420, 421, 422, 423, 424, 433, 434, 435, 437, 438, 439, 440, 441, 442, 451, 452, 453, 457, 463, 464, 465, 474, 475, 476, 479, 481, 491, 492, 493, 502, 503, 504, 505, 506, 507, 513, 518, 523, 528, 532, 533, 534, 538, 539, 542, 545, 546, 547, 550, 552, 553, 555, 556, 557, 579, 580, 581, 609, 614, 619, 634, 635, 636, 637, 641, 642, 650, 651], "excluded_lines": []}, "": {"executed_lines": [4, 9, 10, 11, 13, 15, 16, 17, 22, 25, 26, 35, 62, 79, 96, 219, 288, 328, 374, 395, 413, 431, 449, 472, 500, 509, 536, 559, 583, 584, 602, 628, 653], "summary": {"covered_lines": 31, "num_statements": 31, "percent_covered": 100.0, "percent_covered_display": "100", "missing_lines": 0, "excluded_lines": 0}, "missing_lines": [], "excluded_lines": []}}}, "cartrita/orchestrator/agents/code/__init__.py": {"executed_lines": [4, 8, 10, 11], "summary": {"covered_lines": 3, "num_statements": 3, "percent_covered": 100.0, "percent_covered_display": "100", "missing_lines": 0, "excluded_lines": 0}, "missing_lines": [], "excluded_lines": [], "functions": {"": {"executed_lines": [4, 8, 10, 11], "summary": {"covered_lines": 3, "num_statements": 3, "percent_covered": 100.0, "percent_covered_display": "100", "missing_lines": 0, "excluded_lines": 0}, "missing_lines": [], "excluded_lines": []}}, "classes": {"": {"executed_lines": [4, 8, 10, 11], "summary": {"covered_lines": 3, "num_statements": 3, "percent_covered": 100.0, "percent_covered_display": "100", "missing_lines": 0, "excluded_lines": 0}, "missing_lines": [], "excluded_lines": []}}}, "cartrita/orchestrator/agents/code/code_agent.py": {"executed_lines": [4, 9, 10, 11, 13, 16, 17, 23, 24, 28, 31, 32, 42, 43, 45, 46, 47, 48, 52, 53, 54, 59, 60, 62, 63, 64, 67, 70, 73, 78, 79, 81, 82, 83, 84, 87, 90, 95, 96, 98, 101, 102, 105, 108, 118, 119, 132, 187, 192, 197, 201, 217, 251, 266, 286, 297, 321, 328, 344, 355, 363, 376, 391, 406, 431, 444, 457, 486, 509, 528, 588, 651, 730, 740, 775, 796], "summary": {"covered_lines": 70, "num_statements": 238, "percent_covered": 29.41176470588235, "percent_covered_display": "29", "missing_lines": 168, "excluded_lines": 0}, "missing_lines": [18, 20, 21, 22, 33, 34, 138, 139, 141, 142, 145, 153, 169, 183, 185, 189, 190, 194, 195, 199, 203, 234, 236, 238, 239, 240, 243, 244, 246, 248, 249, 255, 263, 264, 271, 273, 288, 290, 301, 302, 304, 310, 323, 324, 325, 326, 333, 336, 339, 340, 341, 342, 346, 357, 358, 359, 361, 365, 371, 372, 374, 378, 380, 381, 383, 384, 386, 387, 389, 393, 410, 417, 418, 421, 422, 424, 429, 433, 435, 446, 449, 452, 453, 454, 455, 459, 488, 495, 496, 499, 500, 502, 507, 511, 513, 532, 533, 535, 559, 560, 567, 568, 571, 573, 574, 576, 577, 578, 592, 593, 597, 620, 621, 628, 629, 632, 634, 639, 641, 642, 643, 653, 655, 684, 685, 692, 693, 696, 697, 699, 704, 706, 707, 708, 732, 733, 734, 735, 736, 738, 742, 745, 746, 749, 753, 754, 758, 759, 762, 763, 767, 768, 771, 773, 779, 780, 781, 784, 785, 786, 787, 788, 789, 790, 791, 792, 794, 799], "excluded_lines": [], "functions": {"CodeAgent.__init__": {"executed_lines": [], "summary": {"covered_lines": 0, "num_statements": 9, "percent_covered": 0.0, "percent_covered_display": "0", "missing_lines": 9, "excluded_lines": 0}, "missing_lines": [138, 139, 141, 142, 145, 153, 169, 183, 185], "excluded_lines": []}, "CodeAgent.start": {"executed_lines": [], "summary": {"covered_lines": 0, "num_statements": 2, "percent_covered": 0.0, "percent_covered_display": "0", "missing_lines": 2, "excluded_lines": 0}, "missing_lines": [189, 190], "excluded_lines": []}, "CodeAgent.stop": {"executed_lines": [], "summary": {"covered_lines": 0, "num_statements": 2, "percent_covered": 0.0, "percent_covered_display": "0", "missing_lines": 2, "excluded_lines": 0}, "missing_lines": [194, 195], "excluded_lines": []}, "CodeAgent.health_check": {"executed_lines": [], "summary": {"covered_lines": 0, "num_statements": 1, "percent_covered": 0.0, "percent_covered_display": "0", "missing_lines": 1, "excluded_lines": 0}, "missing_lines": [199], "excluded_lines": []}, "CodeAgent.get_status": {"executed_lines": [], "summary": {"covered_lines": 0, "num_statements": 1, "percent_covered": 0.0, "percent_covered_display": "0", "missing_lines": 1, "excluded_lines": 0}, "missing_lines": [203], "excluded_lines": []}, "CodeAgent.execute": {"executed_lines": [], "summary": {"covered_lines": 0, "num_statements": 10, "percent_covered": 0.0, "percent_covered_display": "0", "missing_lines": 10, "excluded_lines": 0}, "missing_lines": [234, 236, 238, 239, 240, 243, 244, 246, 248, 249], "excluded_lines": []}, "CodeAgent._execute_code_task": {"executed_lines": [], "summary": {"covered_lines": 0, "num_statements": 3, "percent_covered": 0.0, "percent_covered_display": "0", "missing_lines": 3, "excluded_lines": 0}, "missing_lines": [255, 263, 264], "excluded_lines": []}, "CodeAgent._build_code_success_response": {"executed_lines": [], "summary": {"covered_lines": 0, "num_statements": 2, "percent_covered": 0.0, "percent_covered_display": "0", "missing_lines": 2, "excluded_lines": 0}, "missing_lines": [271, 273], "excluded_lines": []}, "CodeAgent._log_code_completion": {"executed_lines": [], "summary": {"covered_lines": 0, "num_statements": 2, "percent_covered": 0.0, "percent_covered_display": "0", "missing_lines": 2, "excluded_lines": 0}, "missing_lines": [288, 290], "excluded_lines": []}, "CodeAgent._build_code_error_response": {"executed_lines": [], "summary": {"covered_lines": 0, "num_statements": 4, "percent_covered": 0.0, "percent_covered_display": "0", "missing_lines": 4, "excluded_lines": 0}, "missing_lines": [301, 302, 304, 310], "excluded_lines": []}, "CodeAgent._extract_code_task_info_for_error": {"executed_lines": [], "summary": {"covered_lines": 0, "num_statements": 4, "percent_covered": 0.0, "percent_covered_display": "0", "missing_lines": 4, "excluded_lines": 0}, "missing_lines": [323, 324, 325, 326], "excluded_lines": []}, "CodeAgent._generate_code": {"executed_lines": [], "summary": {"covered_lines": 0, "num_statements": 6, "percent_covered": 0.0, "percent_covered_display": "0", "missing_lines": 6, "excluded_lines": 0}, "missing_lines": [333, 336, 339, 340, 341, 342], "excluded_lines": []}, "CodeAgent._extract_generation_parameters": {"executed_lines": [], "summary": {"covered_lines": 0, "num_statements": 1, "percent_covered": 0.0, "percent_covered_display": "0", "missing_lines": 1, "excluded_lines": 0}, "missing_lines": [346], "excluded_lines": []}, "CodeAgent._build_generation_prompt": {"executed_lines": [], "summary": {"covered_lines": 0, "num_statements": 4, "percent_covered": 0.0, "percent_covered_display": "0", "missing_lines": 4, "excluded_lines": 0}, "missing_lines": [357, 358, 359, 361], "excluded_lines": []}, "CodeAgent._create_prompt_header": {"executed_lines": [], "summary": {"covered_lines": 0, "num_statements": 4, "percent_covered": 0.0, "percent_covered_display": "0", "missing_lines": 4, "excluded_lines": 0}, "missing_lines": [365, 371, 372, 374], "excluded_lines": []}, "CodeAgent._add_optional_prompt_sections": {"executed_lines": [], "summary": {"covered_lines": 0, "num_statements": 8, "percent_covered": 0.0, "percent_covered_display": "0", "missing_lines": 8, "excluded_lines": 0}, "missing_lines": [378, 380, 381, 383, 384, 386, 387, 389], "excluded_lines": []}, "CodeAgent._add_output_format_instructions": {"executed_lines": [], "summary": {"covered_lines": 0, "num_statements": 1, "percent_covered": 0.0, "percent_covered_display": "0", "missing_lines": 1, "excluded_lines": 0}, "missing_lines": [393], "excluded_lines": []}, "CodeAgent._execute_code_generation": {"executed_lines": [], "summary": {"covered_lines": 0, "num_statements": 7, "percent_covered": 0.0, "percent_covered_display": "0", "missing_lines": 7, "excluded_lines": 0}, "missing_lines": [410, 417, 418, 421, 422, 424, 429], "excluded_lines": []}, "CodeAgent._create_generation_error_response": {"executed_lines": [], "summary": {"covered_lines": 0, "num_statements": 2, "percent_covered": 0.0, "percent_covered_display": "0", "missing_lines": 2, "excluded_lines": 0}, "missing_lines": [433, 435], "excluded_lines": []}, "CodeAgent._analyze_code": {"executed_lines": [], "summary": {"covered_lines": 0, "num_statements": 6, "percent_covered": 0.0, "percent_covered_display": "0", "missing_lines": 6, "excluded_lines": 0}, "missing_lines": [446, 449, 452, 453, 454, 455], "excluded_lines": []}, "CodeAgent._build_analysis_prompt": {"executed_lines": [], "summary": {"covered_lines": 0, "num_statements": 1, "percent_covered": 0.0, "percent_covered_display": "0", "missing_lines": 1, "excluded_lines": 0}, "missing_lines": [459], "excluded_lines": []}, "CodeAgent._execute_code_analysis": {"executed_lines": [], "summary": {"covered_lines": 0, "num_statements": 7, "percent_covered": 0.0, "percent_covered_display": "0", "missing_lines": 7, "excluded_lines": 0}, "missing_lines": [488, 495, 496, 499, 500, 502, 507], "excluded_lines": []}, "CodeAgent._create_analysis_error_response": {"executed_lines": [], "summary": {"covered_lines": 0, "num_statements": 2, "percent_covered": 0.0, "percent_covered_display": "0", "missing_lines": 2, "excluded_lines": 0}, "missing_lines": [511, 513], "excluded_lines": []}, "CodeAgent._debug_code": {"executed_lines": [], "summary": {"covered_lines": 0, "num_statements": 13, "percent_covered": 0.0, "percent_covered_display": "0", "missing_lines": 13, "excluded_lines": 0}, "missing_lines": [532, 533, 535, 559, 560, 567, 568, 571, 573, 574, 576, 577, 578], "excluded_lines": []}, "CodeAgent._optimize_code": {"executed_lines": [], "summary": {"covered_lines": 0, "num_statements": 13, "percent_covered": 0.0, "percent_covered_display": "0", "missing_lines": 13, "excluded_lines": 0}, "missing_lines": [592, 593, 597, 620, 621, 628, 629, 632, 634, 639, 641, 642, 643], "excluded_lines": []}, "CodeAgent._review_code": {"executed_lines": [], "summary": {"covered_lines": 0, "num_statements": 13, "percent_covered": 0.0, "percent_covered_display": "0", "missing_lines": 13, "excluded_lines": 0}, "missing_lines": [653, 655, 684, 685, 692, 693, 696, 697, 699, 704, 706, 707, 708], "excluded_lines": []}, "CodeAgent._extract_code_task": {"executed_lines": [], "summary": {"covered_lines": 0, "num_statements": 6, "percent_covered": 0.0, "percent_covered_display": "0", "missing_lines": 6, "excluded_lines": 0}, "missing_lines": [732, 733, 734, 735, 736, 738], "excluded_lines": []}, "CodeAgent._determine_task_type": {"executed_lines": [], "summary": {"covered_lines": 0, "num_statements": 14, "percent_covered": 0.0, "percent_covered_display": "0", "missing_lines": 14, "excluded_lines": 0}, "missing_lines": [742, 745, 746, 749, 753, 754, 758, 759, 762, 763, 767, 768, 771, 773], "excluded_lines": []}, "CodeAgent._detect_language": {"executed_lines": [], "summary": {"covered_lines": 0, "num_statements": 13, "percent_covered": 0.0, "percent_covered_display": "0", "missing_lines": 13, "excluded_lines": 0}, "missing_lines": [779, 780, 781, 784, 785, 786, 787, 788, 789, 790, 791, 792, 794], "excluded_lines": []}, "CodeAgent.reload_configuration": {"executed_lines": [], "summary": {"covered_lines": 0, "num_statements": 1, "percent_covered": 0.0, "percent_covered_display": "0", "missing_lines": 1, "excluded_lines": 0}, "missing_lines": [799], "excluded_lines": []}, "": {"executed_lines": [4, 9, 10, 11, 13, 16, 17, 23, 24, 28, 31, 32, 42, 43, 45, 46, 47, 48, 52, 53, 54, 59, 60, 62, 63, 64, 67, 70, 73, 78, 79, 81, 82, 83, 84, 87, 90, 95, 96, 98, 101, 102, 105, 108, 118, 119, 132, 187, 192, 197, 201, 217, 251, 266, 286, 297, 321, 328, 344, 355, 363, 376, 391, 406, 431, 444, 457, 486, 509, 528, 588, 651, 730, 740, 775, 796], "summary": {"covered_lines": 70, "num_statements": 76, "percent_covered": 92.10526315789474, "percent_covered_display": "92", "missing_lines": 6, "excluded_lines": 0}, "missing_lines": [18, 20, 21, 22, 33, 34], "excluded_lines": []}}, "classes": {"CodeRequest": {"executed_lines": [], "summary": {"covered_lines": 0, "num_statements": 0, "percent_covered": 100.0, "percent_covered_display": "100", "missing_lines": 0, "excluded_lines": 0}, "missing_lines": [], "excluded_lines": []}, "CodeAnalysis": {"executed_lines": [], "summary": {"covered_lines": 0, "num_statements": 0, "percent_covered": 100.0, "percent_covered_display": "100", "missing_lines": 0, "excluded_lines": 0}, "missing_lines": [], "excluded_lines": []}, "CodeGeneration": {"executed_lines": [], "summary": {"covered_lines": 0, "num_statements": 0, "percent_covered": 100.0, "percent_covered_display": "100", "missing_lines": 0, "excluded_lines": 0}, "missing_lines": [], "excluded_lines": []}, "CodeReview": {"executed_lines": [], "summary": {"covered_lines": 0, "num_statements": 0, "percent_covered": 100.0, "percent_covered_display": "100", "missing_lines": 0, "excluded_lines": 0}, "missing_lines": [], "excluded_lines": []}, "CodeAgent": {"executed_lines": [], "summary": {"covered_lines": 0, "num_statements": 162, "percent_covered": 0.0, "percent_covered_display": "0", "missing_lines": 162, "excluded_lines": 0}, "missing_lines": [138, 139, 141, 142, 145, 153, 169, 183, 185, 189, 190, 194, 195, 199, 203, 234, 236, 238, 239, 240, 243, 244, 246, 248, 249, 255, 263, 264, 271, 273, 288, 290, 301, 302, 304, 310, 323, 324, 325, 326, 333, 336, 339, 340, 341, 342, 346, 357, 358, 359, 361, 365, 371, 372, 374, 378, 380, 381, 383, 384, 386, 387, 389, 393, 410, 417, 418, 421, 422, 424, 429, 433, 435, 446, 449, 452, 453, 454, 455, 459, 488, 495, 496, 499, 500, 502, 507, 511, 513, 532, 533, 535, 559, 560, 567, 568, 571, 573, 574, 576, 577, 578, 592, 593, 597, 620, 621, 628, 629, 632, 634, 639, 641, 642, 643, 653, 655, 684, 685, 692, 693, 696, 697, 699, 704, 706, 707, 708, 732, 733, 734, 735, 736, 738, 742, 745, 746, 749, 753, 754, 758, 759, 762, 763, 767, 768, 771, 773, 779, 780, 781, 784, 785, 786, 787, 788, 789, 790, 791, 792, 794, 799], "excluded_lines": []}, "": {"executed_lines": [4, 9, 10, 11, 13, 16, 17, 23, 24, 28, 31, 32, 42, 43, 45, 46, 47, 48, 52, 53, 54, 59, 60, 62, 63, 64, 67, 70, 73, 78, 79, 81, 82, 83, 84, 87, 90, 95, 96, 98, 101, 102, 105, 108, 118, 119, 132, 187, 192, 197, 201, 217, 251, 266, 286, 297, 321, 328, 344, 355, 363, 376, 391, 406, 431, 444, 457, 486, 509, 528, 588, 651, 730, 740, 775, 796], "summary": {"covered_lines": 70, "num_statements": 76, "percent_covered": 92.10526315789474, "percent_covered_display": "92", "missing_lines": 6, "excluded_lines": 0}, "missing_lines": [18, 20, 21, 22, 33, 34], "excluded_lines": []}}}, "cartrita/orchestrator/agents/computer_use/__init__.py": {"executed_lines": [1, 8, 10, 11], "summary": {"covered_lines": 3, "num_statements": 3, "percent_covered": 100.0, "percent_covered_display": "100", "missing_lines": 0, "excluded_lines": 0}, "missing_lines": [], "excluded_lines": [], "functions": {"": {"executed_lines": [1, 8, 10, 11], "summary": {"covered_lines": 3, "num_statements": 3, "percent_covered": 100.0, "percent_covered_display": "100", "missing_lines": 0, "excluded_lines": 0}, "missing_lines": [], "excluded_lines": []}}, "classes": {"": {"executed_lines": [1, 8, 10, 11], "summary": {"covered_lines": 3, "num_statements": 3, "percent_covered": 100.0, "percent_covered_display": "100", "missing_lines": 0, "excluded_lines": 0}, "missing_lines": [], "excluded_lines": []}}}, "cartrita/orchestrator/agents/computer_use/computer_use_agent.py": {"executed_lines": [4, 9, 10, 11, 13, 14, 15, 16, 20, 28, 29, 31, 32, 33, 41, 42, 44, 48, 49, 52, 57, 58, 60, 61, 64, 67, 68, 70, 71, 74, 77, 80, 83, 84, 85, 103, 104, 106, 107, 110, 113, 116, 119, 129, 130, 141, 197, 202, 207, 211, 227, 262, 276, 296, 308, 332, 339, 363, 369, 375, 388, 399, 412, 421, 440, 451, 482, 504, 546, 564, 580, 595, 605, 610], "summary": {"covered_lines": 67, "num_statements": 216, "percent_covered": 31.01851851851852, "percent_covered_display": "31", "missing_lines": 149, "excluded_lines": 0}, "missing_lines": [86, 87, 88, 89, 90, 91, 93, 94, 96, 97, 98, 148, 149, 151, 152, 154, 157, 165, 178, 189, 191, 199, 200, 204, 205, 209, 213, 244, 246, 248, 251, 254, 255, 257, 259, 260, 266, 268, 280, 281, 283, 298, 299, 301, 312, 313, 315, 321, 334, 335, 336, 337, 344, 347, 350, 351, 354, 358, 365, 366, 367, 371, 372, 373, 379, 380, 381, 382, 384, 385, 386, 392, 393, 396, 397, 403, 404, 405, 406, 408, 409, 410, 416, 417, 418, 419, 427, 442, 445, 446, 447, 448, 449, 453, 456, 462, 468, 469, 475, 484, 487, 489, 495, 496, 497, 512, 527, 528, 535, 536, 538, 539, 540, 548, 551, 552, 553, 558, 559, 560, 562, 567, 568, 572, 575, 576, 578, 582, 585, 586, 587, 589, 597, 598, 599, 600, 601, 603, 608, 612, 613, 614, 615, 616, 617, 618, 619, 620, 622], "excluded_lines": [], "functions": {"ComputerUseRequest._coerce_safety_mode": {"executed_lines": [], "summary": {"covered_lines": 0, "num_statements": 11, "percent_covered": 0.0, "percent_covered_display": "0", "missing_lines": 11, "excluded_lines": 0}, "missing_lines": [86, 87, 88, 89, 90, 91, 93, 94, 96, 97, 98], "excluded_lines": []}, "ComputerUseAgent.__init__": {"executed_lines": [], "summary": {"covered_lines": 0, "num_statements": 10, "percent_covered": 0.0, "percent_covered_display": "0", "missing_lines": 10, "excluded_lines": 0}, "missing_lines": [148, 149, 151, 152, 154, 157, 165, 178, 189, 191], "excluded_lines": []}, "ComputerUseAgent.start": {"executed_lines": [], "summary": {"covered_lines": 0, "num_statements": 2, "percent_covered": 0.0, "percent_covered_display": "0", "missing_lines": 2, "excluded_lines": 0}, "missing_lines": [199, 200], "excluded_lines": []}, "ComputerUseAgent.stop": {"executed_lines": [], "summary": {"covered_lines": 0, "num_statements": 2, "percent_covered": 0.0, "percent_covered_display": "0", "missing_lines": 2, "excluded_lines": 0}, "missing_lines": [204, 205], "excluded_lines": []}, "ComputerUseAgent.health_check": {"executed_lines": [], "summary": {"covered_lines": 0, "num_statements": 1, "percent_covered": 0.0, "percent_covered_display": "0", "missing_lines": 1, "excluded_lines": 0}, "missing_lines": [209], "excluded_lines": []}, "ComputerUseAgent.get_status": {"executed_lines": [], "summary": {"covered_lines": 0, "num_statements": 1, "percent_covered": 0.0, "percent_covered_display": "0", "missing_lines": 1, "excluded_lines": 0}, "missing_lines": [213], "excluded_lines": []}, "ComputerUseAgent.execute": {"executed_lines": [], "summary": {"covered_lines": 0, "num_statements": 9, "percent_covered": 0.0, "percent_covered_display": "0", "missing_lines": 9, "excluded_lines": 0}, "missing_lines": [244, 246, 248, 251, 254, 255, 257, 259, 260], "excluded_lines": []}, "ComputerUseAgent._prepare_computer_request": {"executed_lines": [], "summary": {"covered_lines": 0, "num_statements": 2, "percent_covered": 0.0, "percent_covered_display": "0", "missing_lines": 2, "excluded_lines": 0}, "missing_lines": [266, 268], "excluded_lines": []}, "ComputerUseAgent._build_success_response": {"executed_lines": [], "summary": {"covered_lines": 0, "num_statements": 3, "percent_covered": 0.0, "percent_covered_display": "0", "missing_lines": 3, "excluded_lines": 0}, "missing_lines": [280, 281, 283], "excluded_lines": []}, "ComputerUseAgent._log_completion_info": {"executed_lines": [], "summary": {"covered_lines": 0, "num_statements": 3, "percent_covered": 0.0, "percent_covered_display": "0", "missing_lines": 3, "excluded_lines": 0}, "missing_lines": [298, 299, 301], "excluded_lines": []}, "ComputerUseAgent._build_error_response": {"executed_lines": [], "summary": {"covered_lines": 0, "num_statements": 4, "percent_covered": 0.0, "percent_covered_display": "0", "missing_lines": 4, "excluded_lines": 0}, "missing_lines": [312, 313, 315, 321], "excluded_lines": []}, "ComputerUseAgent._extract_task_info_for_error": {"executed_lines": [], "summary": {"covered_lines": 0, "num_statements": 4, "percent_covered": 0.0, "percent_covered_display": "0", "missing_lines": 4, "excluded_lines": 0}, "missing_lines": [334, 335, 336, 337], "excluded_lines": []}, "ComputerUseAgent._perform_computer_task": {"executed_lines": [], "summary": {"covered_lines": 0, "num_statements": 6, "percent_covered": 0.0, "percent_covered_display": "0", "missing_lines": 6, "excluded_lines": 0}, "missing_lines": [344, 347, 350, 351, 354, 358], "excluded_lines": []}, "ComputerUseAgent._perform_initial_safety_check": {"executed_lines": [], "summary": {"covered_lines": 0, "num_statements": 3, "percent_covered": 0.0, "percent_covered_display": "0", "missing_lines": 3, "excluded_lines": 0}, "missing_lines": [365, 366, 367], "excluded_lines": []}, "ComputerUseAgent._capture_screenshot_if_needed": {"executed_lines": [], "summary": {"covered_lines": 0, "num_statements": 3, "percent_covered": 0.0, "percent_covered_display": "0", "missing_lines": 3, "excluded_lines": 0}, "missing_lines": [371, 372, 373], "excluded_lines": []}, "ComputerUseAgent._execute_file_operations": {"executed_lines": [], "summary": {"covered_lines": 0, "num_statements": 7, "percent_covered": 0.0, "percent_covered_display": "0", "missing_lines": 7, "excluded_lines": 0}, "missing_lines": [379, 380, 381, 382, 384, 385, 386], "excluded_lines": []}, "ComputerUseAgent._should_block_file_operation": {"executed_lines": [], "summary": {"covered_lines": 0, "num_statements": 4, "percent_covered": 0.0, "percent_covered_display": "0", "missing_lines": 4, "excluded_lines": 0}, "missing_lines": [392, 393, 396, 397], "excluded_lines": []}, "ComputerUseAgent._execute_system_commands": {"executed_lines": [], "summary": {"covered_lines": 0, "num_statements": 7, "percent_covered": 0.0, "percent_covered_display": "0", "missing_lines": 7, "excluded_lines": 0}, "missing_lines": [403, 404, 405, 406, 408, 409, 410], "excluded_lines": []}, "ComputerUseAgent._should_block_system_command": {"executed_lines": [], "summary": {"covered_lines": 0, "num_statements": 4, "percent_covered": 0.0, "percent_covered_display": "0", "missing_lines": 4, "excluded_lines": 0}, "missing_lines": [416, 417, 418, 419], "excluded_lines": []}, "ComputerUseAgent._build_computer_response": {"executed_lines": [], "summary": {"covered_lines": 0, "num_statements": 1, "percent_covered": 0.0, "percent_covered_display": "0", "missing_lines": 1, "excluded_lines": 0}, "missing_lines": [427], "excluded_lines": []}, "ComputerUseAgent._take_screenshot": {"executed_lines": [], "summary": {"covered_lines": 0, "num_statements": 6, "percent_covered": 0.0, "percent_covered_display": "0", "missing_lines": 6, "excluded_lines": 0}, "missing_lines": 
[...]
, 70, 73, 76, 77, 84, 93, 94, 104], "excluded_lines": []}, "_configure_third_party_loggers": {"executed_lines": [], "summary": {"covered_lines": 0, "num_statements": 16, "percent_covered": 0.0, "percent_covered_display": "0", "missing_lines": 16, "excluded_lines": 0}, "missing_lines": [111, 112, 113, 116, 117, 118, 121, 122, 123, 126, 127, 130, 131, 134, 137, 138], "excluded_lines": []}, "get_logger": {"executed_lines": [], "summary": {"covered_lines": 0, "num_statements": 1, "percent_covered": 0.0, "percent_covered_display": "0", "missing_lines": 1, "excluded_lines": 0}, "missing_lines": [143], "excluded_lines": []}, "": {"executed_lines": [], "summary": {"covered_lines": 0, "num_statements": 9, "percent_covered": 0.0, "percent_covered_display": "0", "missing_lines": 9, "excluded_lines": 0}, "missing_lines": [9, 10, 11, 13, 15, 18, 107, 141, 147], "excluded_lines": []}}, "classes": {"": {"executed_lines": [], "summary": {"covered_lines": 0, "num_statements": 43, "percent_covered": 0.0, "percent_covered_display": "0", "missing_lines": 43, "excluded_lines": 0}, "missing_lines": [9, 10, 11, 13, 15, 18, 26, 27, 28, 31, 38, 49, 51, 54, 61, 70, 73, 76, 77, 84, 93, 94, 104, 107, 111, 112, 113, 116, 117, 118, 121, 122, 123, 126, 127, 130, 131, 134, 137, 138, 141, 143, 147], "excluded_lines": []}}}, "cartrita/orchestrator/utils/secure_communication.py": {"executed_lines": [1, 6, 7, 8, 9, 10, 11, 12, 13, 14, 15, 16, 18, 21, 22, 24, 25, 26, 27, 29, 30, 31, 33, 34, 35, 38, 39, 41, 42, 43, 44, 45, 46, 48, 59, 64, 66, 72, 74, 75, 77, 79, 82, 83, 84, 86, 88, 91, 92, 94, 101, 102, 103, 104, 106, 107, 110, 116, 117, 118, 120, 122, 124, 126, 127, 128, 129, 130, 133, 134, 135, 136, 138, 144, 154, 158, 161, 162, 168, 169, 170, 171, 173, 180, 181, 184, 192, 194, 195, 196, 197, 198, 205, 206, 207, 208, 209, 217, 220, 221, 223, 224, 225, 226, 228, 230, 231, 232, 235, 238, 239, 242, 243, 245, 247, 249, 250, 251, 253, 254, 256, 257, 259, 260, 263, 264, 265, 269, 270, 274, 277, 278, 280, 286, 287, 288, 290, 291, 292, 294, 295, 297, 298, 303, 306, 307, 308, 309, 311, 313, 314, 317, 318, 319, 320, 322, 324, 325, 326, 328, 329, 330, 332, 336, 344, 346, 351, 352, 353, 359, 360, 361, 362, 364], "summary": {"covered_lines": 169, "num_statements": 192, "percent_covered": 88.02083333333333, "percent_covered_display": "88", "missing_lines": 23, "excluded_lines": 0}, "missing_lines": [50, 57, 61, 62, 80, 89, 140, 141, 142, 155, 185, 186, 187, 189, 190, 201, 202, 203, 211, 212, 213, 214, 215], "excluded_lines": [], "functions": {"SecureMessage.validate_timestamp": {"executed_lines": [33, 34, 35], "summary": {"covered_lines": 3, "num_statements": 3, "percent_covered": 100.0, "percent_covered_display": "100", "missing_lines": 0, "excluded_lines": 0}, "missing_lines": [], "excluded_lines": []}, "SecureCommunicator.__init__": {"executed_lines": [42, 43, 44, 45, 46], "summary": {"covered_lines": 5, "num_statements": 5, "percent_covered": 100.0, "percent_covered_display": "100", "missing_lines": 0, "excluded_lines": 0}, "missing_lines": [], "excluded_lines": []}, "SecureCommunicator.__aenter__": {"executed_lines": [], "summary": {"covered_lines": 0, "num_statements": 2, "percent_covered": 0.0, "percent_covered_display": "0", "missing_lines": 2, "excluded_lines": 0}, "missing_lines": [50, 57], "excluded_lines": []}, "SecureCommunicator.__aexit__": {"executed_lines": [], "summary": {"covered_lines": 0, "num_statements": 2, "percent_covered": 0.0, "percent_covered_display": "0", "missing_lines": 2, "excluded_lines": 0}, "missing_lines": [61, 62], "excluded_lines": []}, "SecureCommunicator._generate_signature": {"executed_lines": [66], "summary": {"covered_lines": 1, "num_statements": 1, "percent_covered": 100.0, "percent_covered_display": "100", "missing_lines": 0, "excluded_lines": 0}, "missing_lines": [], "excluded_lines": []}, "SecureCommunicator._verify_signature": {"executed_lines": [74, 75], "summary": {"covered_lines": 2, "num_statements": 2, "percent_covered": 100.0, "percent_covered_display": "100", "missing_lines": 0, "excluded_lines": 0}, "missing_lines": [], "excluded_lines": []}, "SecureCommunicator._encrypt_payload": {"executed_lines": [79, 82, 83, 84], "summary": {"covered_lines": 4, "num_statements": 5, "percent_covered": 80.0, "percent_covered_display": "80", "missing_lines": 1, "excluded_lines": 0}, "missing_lines": [80], "excluded_lines": []}, "SecureCommunicator._decrypt_payload": {"executed_lines": [88, 91, 92], "summary": {"covered_lines": 3, "num_statements": 4, "percent_covered": 75.0, "percent_covered_display": "75", "missing_lines": 1, "excluded_lines": 0}, "missing_lines": [89], "excluded_lines": []}, "SecureCommunicator.create_secure_message": {"executed_lines": [101, 102, 103, 104, 106, 107, 110, 116, 117, 118, 120], "summary": {"covered_lines": 11, "num_statements": 11, "percent_covered": 100.0, "percent_covered_display": "100", "missing_lines": 0, "excluded_lines": 0}, "missing_lines": [], "excluded_lines": []}, "SecureCommunicator.verify_secure_message": {"executed_lines": [124, 126, 127, 128, 129, 130, 133, 134, 135, 136, 138], "summary": {"covered_lines": 11, "num_statements": 14, "percent_covered": 78.57142857142857, "percent_covered_display": "79", "missing_lines": 3, "excluded_lines": 0}, "missing_lines": [140, 141, 142], "excluded_lines": []}, "SecureCommunicator.send_secure_request": {"executed_lines": [154, 158, 161, 162, 168, 169, 170, 171, 173, 180, 181, 184, 192, 194, 195, 196, 197, 198, 205, 206, 207, 208, 209, 217], "summary": {"covered_lines": 24, "num_statements": 38, "percent_covered": 63.1578947368421, "percent_covered_display": "63", "missing_lines": 14, "excluded_lines": 0}, "missing_lines": [155, 185, 186, 187, 189, 190, 201, 202, 203, 211, 212, 213, 214, 215], "excluded_lines": []}, "MessageQueue.__init__": {"executed_lines": [224, 225, 226], "summary": {"covered_lines": 3, "num_statements": 3, "percent_covered": 100.0, "percent_covered_display": "100", "missing_lines": 0, "excluded_lines": 0}, "missing_lines": [], "excluded_lines": []}, "MessageQueue.publish": {"executed_lines": [230, 231, 232, 235, 238, 239, 242, 243, 245], "summary": {"covered_lines": 9, "num_statements": 9, "percent_covered": 100.0, "percent_covered_display": "100", "missing_lines": 0, "excluded_lines": 0}, "missing_lines": [], "excluded_lines": []}, "MessageQueue.subscribe": {"executed_lines": [249, 250, 251, 253, 254, 256, 257, 259, 260, 263, 264, 265, 269, 270], "summary": {"covered_lines": 14, "num_statements": 14, "percent_covered": 100.0, "percent_covered_display": "100", "missing_lines": 0, "excluded_lines": 0}, "missing_lines": [], "excluded_lines": []}, "CircuitBreaker.__init__": {"executed_lines": [286, 287, 288, 290, 291, 292], "summary": {"covered_lines": 6, "num_statements": 6, "percent_covered": 100.0, "percent_covered_display": "100", "missing_lines": 0, "excluded_lines": 0}, "missing_lines": [], "excluded_lines": []}, "CircuitBreaker._is_failure_threshold_reached": {"executed_lines": [295], "summary": {"covered_lines": 1, "num_statements": 1, "percent_covered": 100.0, "percent_covered_display": "100", "missing_lines": 0, "excluded_lines": 0}, "missing_lines": [], "excluded_lines": []}, "CircuitBreaker._is_timeout_expired": {"executed_lines": [298], "summary": {"covered_lines": 1, "num_statements": 1, "percent_covered": 100.0, "percent_covered_display": "100", "missing_lines": 0, "excluded_lines": 0}, "missing_lines": [], "excluded_lines": []}, "CircuitBreaker.call": {"executed_lines": [306, 307, 308, 309, 311, 313, 314, 317, 318, 319, 320, 322, 324, 325, 326, 328, 329, 330, 332], "summary": {"covered_lines": 19, "num_statements": 19, "percent_covered": 100.0, "percent_covered_display": "100", "missing_lines": 0, "excluded_lines": 0}, "missing_lines": [], "excluded_lines": []}, "optimized_agent_communication": {"executed_lines": [344, 346, 351, 359, 360, 361, 362, 364], "summary": {"covered_lines": 8, "num_statements": 8, "percent_covered": 100.0, "percent_covered_display": "100", "missing_lines": 0, "excluded_lines": 0}, "missing_lines": [], "excluded_lines": []}, "optimized_agent_communication.make_request": {"executed_lines": [352, 353], "summary": {"covered_lines": 2, "num_statements": 2, "percent_covered": 100.0, "percent_covered_display": "100", "missing_lines": 0, "excluded_lines": 0}, "missing_lines": [], "excluded_lines": []}, "": {"executed_lines": [1, 6, 7, 8, 9, 10, 11, 12, 13, 14, 15, 16, 18, 21, 22, 24, 25, 26, 27, 29, 30, 31, 38, 39, 41, 48, 59, 64, 72, 77, 86, 94, 122, 144, 220, 221, 223, 228, 247, 274, 277, 278, 280, 294, 297, 303, 336], "summary": {"covered_lines": 42, "num_statements": 42, "percent_covered": 100.0, "percent_covered_display": "100", "missing_lines": 0, "excluded_lines": 0}, "missing_lines": [], "excluded_lines": []}}, "classes": {"SecureMessage": {"executed_lines": [33, 34, 35], "summary": {"covered_lines": 3, "num_statements": 3, "percent_covered": 100.0, "percent_covered_display": "100", "missing_lines": 0, "excluded_lines": 0}, "missing_lines": [], "excluded_lines": []}, "SecureCommunicator": {"executed_lines": [42, 43, 44, 45, 46, 66, 74, 75, 79, 82, 83, 84, 88, 91, 92, 101, 102, 103, 104, 106, 107, 110, 116, 117, 118, 120, 124, 126, 127, 128, 129, 130, 133, 134, 135, 136, 138, 154, 158, 161, 162, 168, 169, 170, 171, 173, 180, 181, 184, 192, 194, 195, 196, 197, 198, 205, 206, 207, 208, 209, 217], "summary": {"covered_lines": 61, "num_statements": 84, "percent_covered": 72.61904761904762, "percent_covered_display": "73", "missing_lines": 23, "excluded_lines": 0}, "missing_lines": [50, 57, 61, 62, 80, 89, 140, 141, 142, 155, 185, 186, 187, 189, 190, 201, 202, 203, 211, 212, 213, 214, 215], "excluded_lines": []}, "MessageQueue": {"executed_lines": [224, 225, 226, 230, 231, 232, 235, 238, 239, 242, 243, 245, 249, 250, 251, 253, 254, 256, 257, 259, 260, 263, 264, 265, 269, 270], "summary": {"covered_lines": 26, "num_statements": 26, "percent_covered": 100.0, "percent_covered_display": "100", "missing_lines": 0, "excluded_lines": 0}, "missing_lines": [], "excluded_lines": []}, "CircuitBreaker": {"executed_lines": [286, 287, 288, 290, 291, 292, 295, 298, 306, 307, 308, 309, 311, 313, 314, 317, 318, 319, 320, 322, 324, 325, 326, 328, 329, 330, 332], "summary": {"covered_lines": 27, "num_statements": 27, "percent_covered": 100.0, "percent_covered_display": "100", "missing_lines": 0, "excluded_lines": 0}, "missing_lines": [], "excluded_lines": []}, "": {"executed_lines": [1, 6, 7, 8, 9, 10, 11, 12, 13, 14, 15, 16, 18, 21, 22, 24, 25, 26, 27, 29, 30, 31, 38, 39, 41, 48, 59, 64, 72, 77, 86, 94, 122, 144, 220, 221, 223, 228, 247, 274, 277, 278, 280, 294, 297, 303, 336, 344, 346, 351, 352, 353, 359, 360, 361, 362, 364], "summary": {"covered_lines": 52, "num_statements": 52, "percent_covered": 100.0, "percent_covered_display": "100", "missing_lines": 0, "excluded_lines": 0}, "missing_lines": [], "excluded_lines": []}}}, "cartrita/orchestrator/utils/secure_file.py": {"executed_lines": [], "summary": {"covered_lines": 0, "num_statements": 115, "percent_covered": 0.0, "percent_covered_display": "0", "missing_lines": 115, "excluded_lines": 0}, "missing_lines": [6, 7, 8, 9, 10, 11, 14, 18, 27, 30, 32, 34, 36, 38, 39, 42, 43, 44, 46, 47, 49, 51, 52, 55, 58, 59, 62, 63, 64, 67, 70, 72, 73, 74, 77, 79, 81, 83, 85, 86, 88, 90, 92, 95, 98, 99, 100, 101, 102, 103, 105, 106, 109, 112, 114, 115, 117, 119, 123, 124, 130, 131, 137, 140, 142, 145, 146, 149, 151, 153, 154, 159, 162, 165, 166, 172, 173, 178, 179, 180, 181, 182, 187, 190, 193, 194, 197, 198, 203, 204, 205, 206, 207, 212, 215, 216, 217, 218, 219, 220, 222, 224, 225, 227, 229, 230, 231, 232, 234, 236, 238, 239, 244, 245, 257], "excluded_lines": [], "functions": {"SecureFileManager.__init__": {"executed_lines": [], "summary": {"covered_lines": 0, "num_statements": 9, "percent_covered": 0.0, "percent_covered_display": "0", "missing_lines": 9, "excluded_lines": 0}, "missing_lines": [34, 36, 38, 39, 42, 43, 44, 46, 47], "excluded_lines": []}, "SecureFileManager.sanitize_filename": {"executed_lines": [], "summary": {"covered_lines": 0, "num_statements": 16, "percent_covered": 0.0, "percent_covered_display": "0", "missing_lines": 16, "excluded_lines": 0}, "missing_lines": [51, 52, 55, 58, 59, 62, 63, 64, 67, 70, 72, 73, 74, 77, 79, 81], "excluded_lines": []}, "SecureFileManager.validate_file_extension": {"executed_lines": [], "summary": {"covered_lines": 0, "num_statements": 2, "percent_covered": 0.0, "percent_covered_display": "0", "missing_lines": 2, "excluded_lines": 0}, "missing_lines": [85, 86], "excluded_lines": []}, "SecureFileManager.validate_file_size": {"executed_lines": [], "summary": {"covered_lines": 0, "num_statements": 1, "percent_covered": 0.0, "percent_covered_display": "0", "missing_lines": 1, "excluded_lines": 0}, "missing_lines": [90], "excluded_lines": []}, "SecureFileManager.get_secure_path": {"executed_lines": [], "summary": {"covered_lines": 0, "num_statements": 14, "percent_covered": 0.0, "percent_covered_display": "0", "missing_lines": 14, "excluded_lines": 0}, "missing_lines": [95, 98, 99, 100, 101, 102, 103, 105, 106, 109, 112, 114, 115, 117], "excluded_lines": []}, "SecureFileManager.safe_write_file": {"executed_lines": [], "summary": {"covered_lines": 0, "num_statements": 13, "percent_covered": 0.0, "percent_covered_display": "0", "missing_lines": 13, "excluded_lines": 0}, "missing_lines": [123, 124, 130, 131, 137, 140, 142, 145, 146, 149, 151, 153, 154], "excluded_lines": []}, "SecureFileManager.safe_read_file": {"executed_lines": [], "summary": {"covered_lines": 0, "num_statements": 10, "percent_covered": 0.0, "percent_covered_display": "0", "missing_lines": 10, "excluded_lines": 0}, "missing_lines": [162, 165, 166, 172, 173, 178, 179, 180, 181, 182], "excluded_lines": []}, "SecureFileManager.safe_delete_file": {"executed_lines": [], "summary": {"covered_lines": 0, "num_statements": 10, "percent_covered": 0.0, "percent_covered_display": "0", "missing_lines": 10, "excluded_lines": 0}, "missing_lines": [190, 193, 194, 197, 198, 203, 204, 205, 206, 207], "excluded_lines": []}, "SecureFileManager.list_files": {"executed_lines": [], "summary": {"covered_lines": 0, "num_statements": 14, "percent_covered": 0.0, "percent_covered_display": "0", "missing_lines": 14, "excluded_lines": 0}, "missing_lines": [215, 216, 217, 218, 219, 220, 222, 224, 225, 227, 229, 230, 231, 232], "excluded_lines": []}, "SecureFileManager.get_file_info": {"executed_lines": [], "summary": {"covered_lines": 0, "num_statements": 5, "percent_covered": 0.0, "percent_covered_display": "0", "missing_lines": 5, "excluded_lines": 0}, "missing_lines": [236, 238, 239, 244, 245], "excluded_lines": []}, "": {"executed_lines": [], "summary": {"covered_lines": 0, "num_statements": 21, "percent_covered": 0.0, "percent_covered_display": "0", "missing_lines": 21, "excluded_lines": 0}, "missing_lines": [6, 7, 8, 9, 10, 11, 14, 18, 27, 30, 32, 49, 83, 88, 92, 119, 159, 187, 212, 234, 257], "excluded_lines": []}}, "classes": {"SecureFileManager": {"executed_lines": [], "summary": {"covered_lines": 0, "num_statements": 94, "percent_covered": 0.0, "percent_covered_display": "0", "missing_lines": 94, "excluded_lines": 0}, "missing_lines": [34, 36, 38, 39, 42, 43, 44, 46, 47, 51, 52, 55, 58, 59, 62, 63, 64, 67, 70, 72, 73, 74, 77, 79, 81, 85, 86, 90, 95, 98, 99, 100, 101, 102, 103, 105, 106, 109, 112, 114, 115, 117, 123, 124, 130, 131, 137, 140, 142, 145, 146, 149, 151, 153, 154, 162, 165, 166, 172, 173, 178, 179, 180, 181, 182, 190, 193, 194, 197, 198, 203, 204, 205, 206, 207, 215, 216, 217, 218, 219, 220, 222, 224, 225, 227, 229, 230, 231, 232, 236, 238, 239, 244, 245], "excluded_lines": []}, "": {"executed_lines": [], "summary": {"covered_lines": 0, "num_statements": 21, "percent_covered": 0.0, "percent_covered_display": "0", "missing_lines": 21, "excluded_lines": 0}, "missing_lines": [6, 7, 8, 9, 10, 11, 14, 18, 27, 30, 32, 49, 83, 88, 92, 119, 159, 187, 212, 234, 257], "excluded_lines": []}}}, "cartrita/orchestrator/utils/sentry_config.py": {"executed_lines": [], "summary": {"covered_lines": 0, "num_statements": 65, "percent_covered": 0.0, "percent_covered_display": "0", "missing_lines": 65, "excluded_lines": 0}, "missing_lines": [3, 4, 5, 7, 8, 9, 10, 11, 12, 14, 16, 24, 25, 26, 29, 40, 43, 49, 50, 52, 54, 55, 71, 78, 80, 81, 85, 93, 95, 96, 99, 100, 101, 104, 107, 110, 119, 120, 121, 122, 125, 129, 130, 133, 143, 153, 162, 163, 164, 172, 173, 174, 177, 186, 196, 202, 203, 204, 205, 209, 210, 211, 224, 225, 226], "excluded_lines": [], "functions": {"init_sentry": {"executed_lines": [], "summary": {"covered_lines": 0, "num_statements": 11, "percent_covered": 0.0, "percent_covered_display": "0", "missing_lines": 11, "excluded_lines": 0}, "missing_lines": [24, 25, 26, 29, 40, 54, 55, 71, 78, 80, 81], "excluded_lines": []}, "init_sentry.before_send": {"executed_lines": [], "summary": {"covered_lines": 0, "num_statements": 4, "percent_covered": 0.0, "percent_covered_display": "0", "missing_lines": 4, "excluded_lines": 0}, "missing_lines": [43, 49, 50, 52], "excluded_lines": []}, "capture_ai_error": {"executed_lines": [], "summary": {"covered_lines": 0, "num_statements": 8, "percent_covered": 0.0, "percent_covered_display": "0", "missing_lines": 8, "excluded_lines": 0}, "missing_lines": [93, 95, 96, 99, 100, 101, 104, 107], "excluded_lines": []}, "capture_agent_performance": {"executed_lines": [], "summary": {"covered_lines": 0, "num_statements": 9, "percent_covered": 0.0, "percent_covered_display": "0", "missing_lines": 9, "excluded_lines": 0}, "missing_lines": [119, 120, 121, 122, 125, 129, 130, 133, 143], "excluded_lines": []}, "capture_conversation_metrics": {"executed_lines": [], "summary": {"covered_lines": 0, "num_statements": 6, "percent_covered": 0.0, "percent_covered_display": "0", "missing_lines": 6, "excluded_lines": 0}, "missing_lines": [162, 163, 164, 172, 173, 174], "excluded_lines": []}, "add_breadcrumb_ai_event": {"executed_lines": [], "summary": {"covered_lines": 0, "num_statements": 1, "percent_covered": 0.0, "percent_covered_display": "0", "missing_lines": 1, "excluded_lines": 0}, "missing_lines": [186], "excluded_lines": []}, "track_ai_errors": {"executed_lines": [], "summary": {"covered_lines": 0, "num_statements": 2, "percent_covered": 0.0, "percent_covered_display": "0", "missing_lines": 2, "excluded_lines": 0}, "missing_lines": [202, 226], "excluded_lines": []}, "track_ai_errors.decorator": {"executed_lines": [], "summary": {"covered_lines": 0, "num_statements": 2, "percent_covered": 0.0, "percent_covered_display": "0", "missing_lines": 2, "excluded_lines": 0}, "missing_lines": [203, 225], "excluded_lines": []}, "track_ai_errors.decorator.wrapper": {"executed_lines": [], "summary": {"covered_lines": 0, "num_statements": 6, "percent_covered": 0.0, "percent_covered_display": "0", "missing_lines": 6, "excluded_lines": 0}, "missing_lines": [204, 205, 209, 210, 211, 224], "excluded_lines": []}, "": {"executed_lines": [], "summary": {"covered_lines": 0, "num_statements": 16, "percent_covered": 0.0, "percent_covered_display": "0", "missing_lines": 16, "excluded_lines": 0}, "missing_lines": [3, 4, 5, 7, 8, 9, 10, 11, 12, 14, 16, 85, 110, 153, 177, 196], "excluded_lines": []}}, "classes": {"": {"executed_lines": [], "summary": {"covered_lines": 0, "num_statements": 65, "percent_covered": 0.0, "percent_covered_display": "0", "missing_lines": 65, "excluded_lines": 0}, "missing_lines": [3, 4, 5, 7, 8, 9, 10, 11, 12, 14, 16, 24, 25, 26, 29, 40, 43, 49, 50, 52, 54, 55, 71, 78, 80, 81, 85, 93, 95, 96, 99, 100, 101, 104, 107, 110, 119, 120, 121, 122, 125, 129, 130, 133, 143, 153, 162, 163, 164, 172, 173, 174, 177, 186, 196, 202, 203, 204, 205, 209, 210, 211, 224, 225, 226], "excluded_lines": []}}}}, "totals": {"covered_lines": 2198, "num_statements": 9516, "percent_covered": 23.097940311055066, "percent_covered_display": "23", "missing_lines": 7318, "excluded_lines": 20}}
